Wed, 2026-04-29 00:49:39 [INFO] | resume from checkpoints/4-21-SBIAugOriFrame15-BatchNorm-v2_BEiT_Flow_AttnAdapter_SBI_v3/ckpt/Final.tar
Wed, 2026-04-29 00:51:04 [INFO] | TRAIN Epoch-1, Step-10: [ 10/240]	Acc 0.9375 (0.9750)	RealAcc 1.0000 (0.8929)	FakeACC 0.9167 (0.9924)	Loss 0.3352 (0.2246)	Loss1 0.3352 (0.2246)	Loss2 0.0000 (0.0000)	Loss_sim 0.0000 (0.0000)	Data 0.0000 (1.2979)	Time 5.3705 (8.4921)  lr: 0.0000200
Wed, 2026-04-29 00:51:59 [INFO] | TRAIN Epoch-1, Step-20: [ 20/240]	Acc 0.8750 (0.9656)	RealAcc 0.0000 (0.8148)	FakeACC 1.0000 (0.9962)	Loss 0.5573 (0.2210)	Loss1 0.5573 (0.2210)	Loss2 0.0000 (0.0000)	Loss_sim 0.0000 (0.0000)	Data 0.0001 (0.6490)	Time 5.6223 (6.9365)  lr: 0.0000200
Wed, 2026-04-29 00:52:55 [INFO] | TRAIN Epoch-1, Step-30: [ 30/240]	Acc 1.0000 (0.9688)	RealAcc 1.0000 (0.8293)	FakeACC 1.0000 (0.9975)	Loss 0.2294 (0.2048)	Loss1 0.2294 (0.2048)	Loss2 0.0000 (0.0000)	Loss_sim 0.0000 (0.0000)	Data 0.0000 (0.4327)	Time 5.6140 (6.4662)  lr: 0.0000200
Wed, 2026-04-29 00:53:50 [INFO] | TRAIN Epoch-1, Step-40: [ 40/240]	Acc 1.0000 (0.9750)	RealAcc 1.0000 (0.8598)	FakeACC 1.0000 (0.9981)	Loss 0.1464 (0.1874)	Loss1 0.1464 (0.1874)	Loss2 0.0000 (0.0000)	Loss_sim 0.0000 (0.0000)	Data 0.0001 (0.3245)	Time 5.5624 (6.2256)  lr: 0.0000200
Wed, 2026-04-29 00:54:45 [INFO] | TRAIN Epoch-1, Step-50: [ 50/240]	Acc 1.0000 (0.9712)	RealAcc 1.0000 (0.8707)	FakeACC 1.0000 (0.9939)	Loss 0.0343 (0.1995)	Loss1 0.0343 (0.1995)	Loss2 0.0000 (0.0000)	Loss_sim 0.0000 (0.0000)	Data 0.0001 (0.2596)	Time 5.6810 (6.0802)  lr: 0.0000200
Wed, 2026-04-29 00:55:42 [INFO] | TRAIN Epoch-1, Step-60: [ 60/240]	Acc 0.9375 (0.9698)	RealAcc 0.8000 (0.8603)	FakeACC 1.0000 (0.9949)	Loss 0.2796 (0.1989)	Loss1 0.2796 (0.1989)	Loss2 0.0000 (0.0000)	Loss_sim 0.0000 (0.0000)	Data 0.0001 (0.2164)	Time 5.6388 (6.0070)  lr: 0.0000200
Wed, 2026-04-29 00:56:38 [INFO] | TRAIN Epoch-1, Step-70: [ 70/240]	Acc 1.0000 (0.9696)	RealAcc 1.0000 (0.8660)	FakeACC 1.0000 (0.9934)	Loss 0.0963 (0.1968)	Loss1 0.0963 (0.1968)	Loss2 0.0000 (0.0000)	Loss_sim 0.0000 (0.0000)	Data 0.0000 (0.1855)	Time 5.6943 (5.9501)  lr: 0.0000200
Wed, 2026-04-29 00:57:35 [INFO] | TRAIN Epoch-1, Step-80: [ 80/240]	Acc 1.0000 (0.9695)	RealAcc 1.0000 (0.8683)	FakeACC 1.0000 (0.9932)	Loss 0.0708 (0.1971)	Loss1 0.0708 (0.1971)	Loss2 0.0000 (0.0000)	Loss_sim 0.0000 (0.0000)	Data 0.0000 (0.1623)	Time 5.6637 (5.9142)  lr: 0.0000200
Wed, 2026-04-29 00:58:31 [INFO] | TRAIN Epoch-1, Step-90: [ 90/240]	Acc 0.9375 (0.9681)	RealAcc 0.7500 (0.8617)	FakeACC 1.0000 (0.9940)	Loss 0.2068 (0.2094)	Loss1 0.2068 (0.2094)	Loss2 0.0000 (0.0000)	Loss_sim 0.0000 (0.0000)	Data 0.0000 (0.1443)	Time 5.5821 (5.8823)  lr: 0.0000200
Wed, 2026-04-29 00:59:28 [INFO] | TRAIN Epoch-1, Step-100: [100/240]	Acc 1.0000 (0.9688)	RealAcc 1.0000 (0.8644)	FakeACC 1.0000 (0.9945)	Loss 0.1735 (0.2068)	Loss1 0.1735 (0.2068)	Loss2 0.0000 (0.0000)	Loss_sim 0.0000 (0.0000)	Data 0.0000 (0.1298)	Time 5.7575 (5.8628)  lr: 0.0000200
Wed, 2026-04-29 01:00:25 [INFO] | TRAIN Epoch-1, Step-110: [110/240]	Acc 1.0000 (0.9693)	RealAcc 1.0000 (0.8689)	FakeACC 1.0000 (0.9943)	Loss 0.0740 (0.2052)	Loss1 0.0740 (0.2052)	Loss2 0.0000 (0.0000)	Loss_sim 0.0000 (0.0000)	Data 0.0001 (0.1180)	Time 5.7044 (5.8479)  lr: 0.0000200
Wed, 2026-04-29 01:01:21 [INFO] | TRAIN Epoch-1, Step-120: [120/240]	Acc 1.0000 (0.9688)	RealAcc 1.0000 (0.8747)	FakeACC 1.0000 (0.9928)	Loss 0.1331 (0.2065)	Loss1 0.1331 (0.2065)	Loss2 0.0000 (0.0000)	Loss_sim 0.0000 (0.0000)	Data 0.0000 (0.1082)	Time 5.3931 (5.8295)  lr: 0.0000200
Wed, 2026-04-29 01:02:17 [INFO] | TRAIN Epoch-1, Step-130: [130/240]	Acc 0.8750 (0.9683)	RealAcc 0.7143 (0.8767)	FakeACC 1.0000 (0.9921)	Loss 0.3275 (0.2094)	Loss1 0.3275 (0.2094)	Loss2 0.0000 (0.0000)	Loss_sim 0.0000 (0.0000)	Data 0.0000 (0.0999)	Time 5.3820 (5.8098)  lr: 0.0000200
Wed, 2026-04-29 01:03:12 [INFO] | TRAIN Epoch-1, Step-140: [140/240]	Acc 1.0000 (0.9692)	RealAcc 1.0000 (0.8830)	FakeACC 1.0000 (0.9921)	Loss 0.0983 (0.2066)	Loss1 0.0983 (0.2066)	Loss2 0.0000 (0.0000)	Loss_sim 0.0000 (0.0000)	Data 0.0000 (0.0928)	Time 5.5845 (5.7895)  lr: 0.0000200
Wed, 2026-04-29 01:04:09 [INFO] | TRAIN Epoch-1, Step-150: [150/240]	Acc 1.0000 (0.9704)	RealAcc 1.0000 (0.8898)	FakeACC 1.0000 (0.9921)	Loss 0.2190 (0.2030)	Loss1 0.2190 (0.2030)	Loss2 0.0000 (0.0000)	Loss_sim 0.0000 (0.0000)	Data 0.0000 (0.0866)	Time 5.7398 (5.7812)  lr: 0.0000200
Wed, 2026-04-29 01:05:06 [INFO] | TRAIN Epoch-1, Step-160: [160/240]	Acc 1.0000 (0.9715)	RealAcc 1.0000 (0.8976)	FakeACC 1.0000 (0.9916)	Loss 0.0548 (0.1991)	Loss1 0.0548 (0.1991)	Loss2 0.0000 (0.0000)	Loss_sim 0.0000 (0.0000)	Data 0.0000 (0.0812)	Time 5.5775 (5.7769)  lr: 0.0000200
Wed, 2026-04-29 01:06:02 [INFO] | TRAIN Epoch-1, Step-170: [170/240]	Acc 0.9375 (0.9713)	RealAcc 1.0000 (0.9005)	FakeACC 0.9286 (0.9906)	Loss 0.3386 (0.1987)	Loss1 0.3386 (0.1987)	Loss2 0.0000 (0.0000)	Loss_sim 0.0000 (0.0000)	Data 0.0001 (0.0764)	Time 5.4456 (5.7671)  lr: 0.0000200
Wed, 2026-04-29 01:06:50 [INFO] | TRAIN Epoch-1, Step-180: [180/240]	Acc 0.9375 (0.9719)	RealAcc 0.7500 (0.9047)	FakeACC 1.0000 (0.9903)	Loss 0.2183 (0.1937)	Loss1 0.2183 (0.1937)	Loss2 0.0000 (0.0000)	Loss_sim 0.0000 (0.0000)	Data 0.0000 (0.0722)	Time 5.7437 (5.7152)  lr: 0.0000200
Wed, 2026-04-29 01:07:47 [INFO] | TRAIN Epoch-1, Step-190: [190/240]	Acc 1.0000 (0.9734)	RealAcc 1.0000 (0.9091)	FakeACC 1.0000 (0.9908)	Loss 0.1531 (0.1876)	Loss1 0.1531 (0.1876)	Loss2 0.0000 (0.0000)	Loss_sim 0.0000 (0.0000)	Data 0.0000 (0.0684)	Time 5.7059 (5.7130)  lr: 0.0000200
Wed, 2026-04-29 01:08:45 [INFO] | TRAIN Epoch-1, Step-200: [200/240]	Acc 1.0000 (0.9738)	RealAcc 1.0000 (0.9106)	FakeACC 1.0000 (0.9909)	Loss 0.0675 (0.1845)	Loss1 0.0675 (0.1845)	Loss2 0.0000 (0.0000)	Loss_sim 0.0000 (0.0000)	Data 0.0000 (0.0649)	Time 5.7513 (5.7153)  lr: 0.0000200
Wed, 2026-04-29 01:09:43 [INFO] | TRAIN Epoch-1, Step-210: [210/240]	Acc 0.8750 (0.9729)	RealAcc 0.6667 (0.9096)	FakeACC 0.9231 (0.9902)	Loss 0.3035 (0.1838)	Loss1 0.3035 (0.1838)	Loss2 0.0000 (0.0000)	Loss_sim 0.0000 (0.0000)	Data 0.0002 (0.0619)	Time 5.7319 (5.7200)  lr: 0.0000200
Wed, 2026-04-29 01:10:40 [INFO] | TRAIN Epoch-1, Step-220: [220/240]	Acc 1.0000 (0.9736)	RealAcc 1.0000 (0.9113)	FakeACC 1.0000 (0.9906)	Loss 0.0213 (0.1800)	Loss1 0.0213 (0.1800)	Loss2 0.0000 (0.0000)	Loss_sim 0.0000 (0.0000)	Data 0.0000 (0.0590)	Time 5.7335 (5.7198)  lr: 0.0000200
Wed, 2026-04-29 01:11:37 [INFO] | TRAIN Epoch-1, Step-230: [230/240]	Acc 1.0000 (0.9742)	RealAcc 1.0000 (0.9142)	FakeACC 1.0000 (0.9906)	Loss 0.1628 (0.1780)	Loss1 0.1628 (0.1780)	Loss2 0.0000 (0.0000)	Loss_sim 0.0000 (0.0000)	Data 0.0001 (0.0565)	Time 5.8677 (5.7199)  lr: 0.0000200
Wed, 2026-04-29 01:12:35 [INFO] | TRAIN Epoch-1, Step-240: [240/240]	Acc 0.9375 (0.9742)	RealAcc 1.0000 (0.9158)	FakeACC 0.9091 (0.9901)	Loss 0.3204 (0.1774)	Loss1 0.3204 (0.1774)	Loss2 0.0000 (0.0000)	Loss_sim 0.0000 (0.0000)	Data 0.0001 (0.0541)	Time 5.5230 (5.7202)  lr: 0.0000200
Wed, 2026-04-29 01:13:36 [INFO] | TRAIN Epoch-2, Step-250: [ 10/240]	Acc 0.9375 (0.9688)	RealAcc 1.0000 (0.8966)	FakeACC 0.9091 (0.9847)	Loss 0.2115 (0.1390)	Loss1 0.2115 (0.1390)	Loss2 0.0000 (0.0000)	Loss_sim 0.0000 (0.0000)	Data 0.0000 (0.5108)	Time 5.8044 (6.1647)  lr: 0.0000200
Wed, 2026-04-29 01:14:33 [INFO] | TRAIN Epoch-2, Step-260: [ 20/240]	Acc 1.0000 (0.9719)	RealAcc 1.0000 (0.9077)	FakeACC 1.0000 (0.9882)	Loss 0.0373 (0.1743)	Loss1 0.0373 (0.1743)	Loss2 0.0000 (0.0000)	Loss_sim 0.0000 (0.0000)	Data 0.0000 (0.2554)	Time 5.9175 (5.9489)  lr: 0.0000200
Wed, 2026-04-29 01:15:32 [INFO] | TRAIN Epoch-2, Step-270: [ 30/240]	Acc 1.0000 (0.9729)	RealAcc 1.0000 (0.9255)	FakeACC 1.0000 (0.9845)	Loss 0.1400 (0.1618)	Loss1 0.1400 (0.1618)	Loss2 0.0000 (0.0000)	Loss_sim 0.0000 (0.0000)	Data 0.0000 (0.1703)	Time 5.8463 (5.9102)  lr: 0.0000200
Wed, 2026-04-29 01:16:30 [INFO] | TRAIN Epoch-2, Step-280: [ 40/240]	Acc 0.9375 (0.9734)	RealAcc 0.7500 (0.9242)	FakeACC 1.0000 (0.9862)	Loss 0.1947 (0.1539)	Loss1 0.1947 (0.1539)	Loss2 0.0000 (0.0000)	Loss_sim 0.0000 (0.0000)	Data 0.0000 (0.1277)	Time 5.8940 (5.8847)  lr: 0.0000200
Wed, 2026-04-29 01:17:27 [INFO] | TRAIN Epoch-2, Step-290: [ 50/240]	Acc 1.0000 (0.9750)	RealAcc 1.0000 (0.9390)	FakeACC 1.0000 (0.9843)	Loss 0.0890 (0.1469)	Loss1 0.0890 (0.1469)	Loss2 0.0000 (0.0000)	Loss_sim 0.0000 (0.0000)	Data 0.0000 (0.1022)	Time 5.7105 (5.8473)  lr: 0.0000200
Wed, 2026-04-29 01:18:25 [INFO] | TRAIN Epoch-2, Step-300: [ 60/240]	Acc 0.8750 (0.9708)	RealAcc 1.0000 (0.9286)	FakeACC 0.7778 (0.9817)	Loss 0.4326 (0.1555)	Loss1 0.4326 (0.1555)	Loss2 0.0000 (0.0000)	Loss_sim 0.0000 (0.0000)	Data 0.0000 (0.0852)	Time 5.7512 (5.8355)  lr: 0.0000200
Wed, 2026-04-29 01:19:22 [INFO] | TRAIN Epoch-2, Step-310: [ 70/240]	Acc 1.0000 (0.9696)	RealAcc 1.0000 (0.9247)	FakeACC 1.0000 (0.9818)	Loss 0.0844 (0.1630)	Loss1 0.0844 (0.1630)	Loss2 0.0000 (0.0000)	Loss_sim 0.0000 (0.0000)	Data 0.0000 (0.0730)	Time 5.4863 (5.8208)  lr: 0.0000200
Wed, 2026-04-29 01:20:21 [INFO] | TRAIN Epoch-2, Step-320: [ 80/240]	Acc 1.0000 (0.9719)	RealAcc 1.0000 (0.9309)	FakeACC 1.0000 (0.9831)	Loss 0.1937 (0.1570)	Loss1 0.1937 (0.1570)	Loss2 0.0000 (0.0000)	Loss_sim 0.0000 (0.0000)	Data 0.0000 (0.0639)	Time 5.8544 (5.8251)  lr: 0.0000200
Wed, 2026-04-29 01:21:20 [INFO] | TRAIN Epoch-2, Step-330: [ 90/240]	Acc 0.9375 (0.9743)	RealAcc 0.8000 (0.9371)	FakeACC 1.0000 (0.9848)	Loss 0.7156 (0.1548)	Loss1 0.7156 (0.1548)	Loss2 0.0000 (0.0000)	Loss_sim 0.0000 (0.0000)	Data 0.0000 (0.0568)	Time 5.8659 (5.8324)  lr: 0.0000200
Wed, 2026-04-29 01:22:18 [INFO] | TRAIN Epoch-2, Step-340: [100/240]	Acc 1.0000 (0.9719)	RealAcc 1.0000 (0.9292)	FakeACC 1.0000 (0.9840)	Loss 0.0643 (0.1593)	Loss1 0.0643 (0.1593)	Loss2 0.0000 (0.0000)	Loss_sim 0.0000 (0.0000)	Data 0.0000 (0.0511)	Time 5.6943 (5.8378)  lr: 0.0000200
Wed, 2026-04-29 01:23:16 [INFO] | TRAIN Epoch-2, Step-350: [110/240]	Acc 1.0000 (0.9739)	RealAcc 1.0000 (0.9342)	FakeACC 1.0000 (0.9848)	Loss 0.0365 (0.1499)	Loss1 0.0365 (0.1499)	Loss2 0.0000 (0.0000)	Loss_sim 0.0000 (0.0000)	Data 0.0000 (0.0465)	Time 5.8653 (5.8300)  lr: 0.0000200
Wed, 2026-04-29 01:24:14 [INFO] | TRAIN Epoch-2, Step-360: [120/240]	Acc 0.9375 (0.9745)	RealAcc 1.0000 (0.9370)	FakeACC 0.9286 (0.9847)	Loss 0.1413 (0.1478)	Loss1 0.1413 (0.1478)	Loss2 0.0000 (0.0000)	Loss_sim 0.0000 (0.0000)	Data 0.0001 (0.0426)	Time 5.7739 (5.8306)  lr: 0.0000200
Wed, 2026-04-29 01:25:12 [INFO] | TRAIN Epoch-2, Step-370: [130/240]	Acc 1.0000 (0.9745)	RealAcc 1.0000 (0.9378)	FakeACC 1.0000 (0.9847)	Loss 0.0345 (0.1449)	Loss1 0.0345 (0.1449)	Loss2 0.0000 (0.0000)	Loss_sim 0.0000 (0.0000)	Data 0.0001 (0.0393)	Time 5.8654 (5.8274)  lr: 0.0000200
Wed, 2026-04-29 01:26:10 [INFO] | TRAIN Epoch-2, Step-380: [140/240]	Acc 1.0000 (0.9737)	RealAcc 1.0000 (0.9361)	FakeACC 1.0000 (0.9840)	Loss 0.0628 (0.1478)	Loss1 0.0628 (0.1478)	Loss2 0.0000 (0.0000)	Loss_sim 0.0000 (0.0000)	Data 0.0000 (0.0365)	Time 5.7978 (5.8230)  lr: 0.0000200
Wed, 2026-04-29 01:27:07 [INFO] | TRAIN Epoch-2, Step-390: [150/240]	Acc 0.9375 (0.9738)	RealAcc 1.0000 (0.9362)	FakeACC 0.8889 (0.9841)	Loss 0.1678 (0.1442)	Loss1 0.1678 (0.1442)	Loss2 0.0000 (0.0000)	Loss_sim 0.0000 (0.0000)	Data 0.0000 (0.0341)	Time 5.5161 (5.8129)  lr: 0.0000200
Wed, 2026-04-29 01:28:04 [INFO] | TRAIN Epoch-2, Step-400: [160/240]	Acc 1.0000 (0.9750)	RealAcc 1.0000 (0.9398)	FakeACC 1.0000 (0.9846)	Loss 0.0179 (0.1382)	Loss1 0.0179 (0.1382)	Loss2 0.0000 (0.0000)	Loss_sim 0.0000 (0.0000)	Data 0.0000 (0.0320)	Time 5.7124 (5.8076)  lr: 0.0000200
Wed, 2026-04-29 01:29:01 [INFO] | TRAIN Epoch-2, Step-410: [170/240]	Acc 1.0000 (0.9761)	RealAcc 1.0000 (0.9416)	FakeACC 1.0000 (0.9855)	Loss 0.0045 (0.1330)	Loss1 0.0045 (0.1330)	Loss2 0.0000 (0.0000)	Loss_sim 0.0000 (0.0000)	Data 0.0000 (0.0301)	Time 5.5621 (5.8010)  lr: 0.0000200
Wed, 2026-04-29 01:29:47 [INFO] | TRAIN Epoch-2, Step-420: [180/240]	Acc 1.0000 (0.9760)	RealAcc 1.0000 (0.9417)	FakeACC 1.0000 (0.9854)	Loss 0.0500 (0.1337)	Loss1 0.0500 (0.1337)	Loss2 0.0000 (0.0000)	Loss_sim 0.0000 (0.0000)	Data 0.0000 (0.0284)	Time 5.8030 (5.7351)  lr: 0.0000200
Wed, 2026-04-29 01:30:45 [INFO] | TRAIN Epoch-2, Step-430: [190/240]	Acc 1.0000 (0.9757)	RealAcc 1.0000 (0.9417)	FakeACC 1.0000 (0.9849)	Loss 0.1335 (0.1398)	Loss1 0.1335 (0.1398)	Loss2 0.0000 (0.0000)	Loss_sim 0.0000 (0.0000)	Data 0.0000 (0.0269)	Time 5.7008 (5.7391)  lr: 0.0000200
Wed, 2026-04-29 01:31:44 [INFO] | TRAIN Epoch-2, Step-440: [200/240]	Acc 1.0000 (0.9759)	RealAcc 1.0000 (0.9426)	FakeACC 1.0000 (0.9849)	Loss 0.0464 (0.1385)	Loss1 0.0464 (0.1385)	Loss2 0.0000 (0.0000)	Loss_sim 0.0000 (0.0000)	Data 0.0000 (0.0256)	Time 5.7626 (5.7441)  lr: 0.0000200
Wed, 2026-04-29 01:32:42 [INFO] | TRAIN Epoch-2, Step-450: [210/240]	Acc 1.0000 (0.9762)	RealAcc 1.0000 (0.9437)	FakeACC 1.0000 (0.9849)	Loss 0.1050 (0.1362)	Loss1 0.1050 (0.1362)	Loss2 0.0000 (0.0000)	Loss_sim 0.0000 (0.0000)	Data 0.0000 (0.0244)	Time 5.9958 (5.7512)  lr: 0.0000200
Wed, 2026-04-29 01:33:40 [INFO] | TRAIN Epoch-2, Step-460: [220/240]	Acc 1.0000 (0.9770)	RealAcc 1.0000 (0.9462)	FakeACC 1.0000 (0.9852)	Loss 0.0385 (0.1340)	Loss1 0.0385 (0.1340)	Loss2 0.0000 (0.0000)	Loss_sim 0.0000 (0.0000)	Data 0.0000 (0.0233)	Time 5.5210 (5.7537)  lr: 0.0000200
Wed, 2026-04-29 01:34:38 [INFO] | TRAIN Epoch-2, Step-470: [230/240]	Acc 0.9375 (0.9758)	RealAcc 0.8571 (0.9443)	FakeACC 1.0000 (0.9844)	Loss 0.1850 (0.1369)	Loss1 0.1850 (0.1369)	Loss2 0.0000 (0.0000)	Loss_sim 0.0000 (0.0000)	Data 0.0001 (0.0223)	Time 5.7691 (5.7521)  lr: 0.0000200
Wed, 2026-04-29 01:35:35 [INFO] | TRAIN Epoch-2, Step-480: [240/240]	Acc 1.0000 (0.9766)	RealAcc 1.0000 (0.9462)	FakeACC 1.0000 (0.9848)	Loss 0.1772 (0.1349)	Loss1 0.1772 (0.1349)	Loss2 0.0000 (0.0000)	Loss_sim 0.0000 (0.0000)	Data 0.0001 (0.0213)	Time 5.6305 (5.7520)  lr: 0.0000200
Wed, 2026-04-29 01:36:36 [INFO] | TRAIN Epoch-3, Step-490: [ 10/240]	Acc 1.0000 (0.9750)	RealAcc 1.0000 (0.9355)	FakeACC 1.0000 (0.9845)	Loss 0.0136 (0.1448)	Loss1 0.0136 (0.1448)	Loss2 0.0000 (0.0000)	Loss_sim 0.0000 (0.0000)	Data 0.0000 (0.4699)	Time 5.6197 (6.1906)  lr: 0.0000198
Wed, 2026-04-29 01:37:33 [INFO] | TRAIN Epoch-3, Step-500: [ 20/240]	Acc 1.0000 (0.9719)	RealAcc 1.0000 (0.9130)	FakeACC 1.0000 (0.9880)	Loss 0.1944 (0.1543)	Loss1 0.1944 (0.1543)	Loss2 0.0000 (0.0000)	Loss_sim 0.0000 (0.0000)	Data 0.0000 (0.2350)	Time 5.6948 (5.9066)  lr: 0.0000198
Wed, 2026-04-29 01:38:31 [INFO] | TRAIN Epoch-3, Step-510: [ 30/240]	Acc 0.9375 (0.9708)	RealAcc 1.0000 (0.9406)	FakeACC 0.9091 (0.9789)	Loss 0.3204 (0.1728)	Loss1 0.3204 (0.1728)	Loss2 0.0000 (0.0000)	Loss_sim 0.0000 (0.0000)	Data 0.0000 (0.1567)	Time 5.7782 (5.8734)  lr: 0.0000198
Wed, 2026-04-29 01:39:30 [INFO] | TRAIN Epoch-3, Step-520: [ 40/240]	Acc 1.0000 (0.9625)	RealAcc 1.0000 (0.9225)	FakeACC 1.0000 (0.9726)	Loss 0.0882 (0.1991)	Loss1 0.0882 (0.1991)	Loss2 0.0000 (0.0000)	Loss_sim 0.0000 (0.0000)	Data 0.0000 (0.1175)	Time 5.8493 (5.8788)  lr: 0.0000198
Wed, 2026-04-29 01:40:28 [INFO] | TRAIN Epoch-3, Step-530: [ 50/240]	Acc 1.0000 (0.9688)	RealAcc 1.0000 (0.9321)	FakeACC 1.0000 (0.9781)	Loss 0.0404 (0.1692)	Loss1 0.0404 (0.1692)	Loss2 0.0000 (0.0000)	Loss_sim 0.0000 (0.0000)	Data 0.0000 (0.0940)	Time 5.8000 (5.8511)  lr: 0.0000198
Wed, 2026-04-29 01:41:26 [INFO] | TRAIN Epoch-3, Step-540: [ 60/240]	Acc 1.0000 (0.9729)	RealAcc 1.0000 (0.9400)	FakeACC 1.0000 (0.9816)	Loss 0.0159 (0.1470)	Loss1 0.0159 (0.1470)	Loss2 0.0000 (0.0000)	Loss_sim 0.0000 (0.0000)	Data 0.0000 (0.0784)	Time 5.9658 (5.8476)  lr: 0.0000198
Wed, 2026-04-29 01:42:25 [INFO] | TRAIN Epoch-3, Step-550: [ 70/240]	Acc 1.0000 (0.9741)	RealAcc 1.0000 (0.9414)	FakeACC 1.0000 (0.9830)	Loss 0.0526 (0.1454)	Loss1 0.0526 (0.1454)	Loss2 0.0000 (0.0000)	Loss_sim 0.0000 (0.0000)	Data 0.0000 (0.0672)	Time 5.6583 (5.8491)  lr: 0.0000198
Wed, 2026-04-29 01:43:23 [INFO] | TRAIN Epoch-3, Step-560: [ 80/240]	Acc 1.0000 (0.9773)	RealAcc 1.0000 (0.9483)	FakeACC 1.0000 (0.9851)	Loss 0.0292 (0.1312)	Loss1 0.0292 (0.1312)	Loss2 0.0000 (0.0000)	Loss_sim 0.0000 (0.0000)	Data 0.0001 (0.0588)	Time 5.8760 (5.8484)  lr: 0.0000198
Wed, 2026-04-29 01:44:21 [INFO] | TRAIN Epoch-3, Step-570: [ 90/240]	Acc 0.8750 (0.9771)	RealAcc 0.8000 (0.9472)	FakeACC 0.9091 (0.9850)	Loss 0.3934 (0.1287)	Loss1 0.3934 (0.1287)	Loss2 0.0000 (0.0000)	Loss_sim 0.0000 (0.0000)	Data 0.0000 (0.0523)	Time 5.6653 (5.8372)  lr: 0.0000198
Wed, 2026-04-29 01:45:18 [INFO] | TRAIN Epoch-3, Step-580: [100/240]	Acc 0.9375 (0.9769)	RealAcc 1.0000 (0.9466)	FakeACC 0.9231 (0.9850)	Loss 0.1131 (0.1345)	Loss1 0.1131 (0.1345)	Loss2 0.0000 (0.0000)	Loss_sim 0.0000 (0.0000)	Data 0.0000 (0.0470)	Time 5.8042 (5.8313)  lr: 0.0000198
Wed, 2026-04-29 01:46:16 [INFO] | TRAIN Epoch-3, Step-590: [110/240]	Acc 1.0000 (0.9744)	RealAcc 1.0000 (0.9390)	FakeACC 1.0000 (0.9841)	Loss 0.0267 (0.1422)	Loss1 0.0267 (0.1422)	Loss2 0.0000 (0.0000)	Loss_sim 0.0000 (0.0000)	Data 0.0000 (0.0428)	Time 5.5796 (5.8245)  lr: 0.0000198
Wed, 2026-04-29 01:47:13 [INFO] | TRAIN Epoch-3, Step-600: [120/240]	Acc 1.0000 (0.9740)	RealAcc 1.0000 (0.9382)	FakeACC 1.0000 (0.9840)	Loss 0.0055 (0.1381)	Loss1 0.0055 (0.1381)	Loss2 0.0000 (0.0000)	Loss_sim 0.0000 (0.0000)	Data 0.0001 (0.0392)	Time 5.9060 (5.8169)  lr: 0.0000198
Wed, 2026-04-29 01:48:11 [INFO] | TRAIN Epoch-3, Step-610: [130/240]	Acc 1.0000 (0.9750)	RealAcc 1.0000 (0.9408)	FakeACC 1.0000 (0.9846)	Loss 0.0095 (0.1360)	Loss1 0.0095 (0.1360)	Loss2 0.0000 (0.0000)	Loss_sim 0.0000 (0.0000)	Data 0.0001 (0.0362)	Time 5.6832 (5.8109)  lr: 0.0000198
Wed, 2026-04-29 01:49:08 [INFO] | TRAIN Epoch-3, Step-620: [140/240]	Acc 1.0000 (0.9750)	RealAcc 1.0000 (0.9427)	FakeACC 1.0000 (0.9840)	Loss 0.0333 (0.1330)	Loss1 0.0333 (0.1330)	Loss2 0.0000 (0.0000)	Loss_sim 0.0000 (0.0000)	Data 0.0000 (0.0336)	Time 5.8781 (5.8068)  lr: 0.0000198
Wed, 2026-04-29 01:50:06 [INFO] | TRAIN Epoch-3, Step-630: [150/240]	Acc 1.0000 (0.9762)	RealAcc 1.0000 (0.9442)	FakeACC 1.0000 (0.9851)	Loss 0.1072 (0.1276)	Loss1 0.1072 (0.1276)	Loss2 0.0000 (0.0000)	Loss_sim 0.0000 (0.0000)	Data 0.0000 (0.0314)	Time 5.8483 (5.8051)  lr: 0.0000198
Wed, 2026-04-29 01:51:03 [INFO] | TRAIN Epoch-3, Step-640: [160/240]	Acc 1.0000 (0.9770)	RealAcc 1.0000 (0.9478)	FakeACC 1.0000 (0.9850)	Loss 0.0870 (0.1244)	Loss1 0.0870 (0.1244)	Loss2 0.0000 (0.0000)	Loss_sim 0.0000 (0.0000)	Data 0.0001 (0.0294)	Time 5.8131 (5.8023)  lr: 0.0000198
Wed, 2026-04-29 01:52:01 [INFO] | TRAIN Epoch-3, Step-650: [170/240]	Acc 1.0000 (0.9776)	RealAcc 1.0000 (0.9493)	FakeACC 1.0000 (0.9854)	Loss 0.0073 (0.1210)	Loss1 0.0073 (0.1210)	Loss2 0.0000 (0.0000)	Loss_sim 0.0000 (0.0000)	Data 0.0000 (0.0277)	Time 5.6372 (5.8000)  lr: 0.0000198
Wed, 2026-04-29 01:52:46 [INFO] | TRAIN Epoch-3, Step-660: [180/240]	Acc 1.0000 (0.9785)	RealAcc 1.0000 (0.9518)	FakeACC 1.0000 (0.9858)	Loss 0.0080 (0.1183)	Loss1 0.0080 (0.1183)	Loss2 0.0000 (0.0000)	Loss_sim 0.0000 (0.0000)	Data 0.0000 (0.0261)	Time 4.6371 (5.7278)  lr: 0.0000198
Wed, 2026-04-29 01:53:44 [INFO] | TRAIN Epoch-3, Step-670: [190/240]	Acc 0.9375 (0.9789)	RealAcc 1.0000 (0.9538)	FakeACC 0.9333 (0.9858)	Loss 0.3832 (0.1177)	Loss1 0.3832 (0.1177)	Loss2 0.0000 (0.0000)	Loss_sim 0.0000 (0.0000)	Data 0.0000 (0.0248)	Time 5.8935 (5.7319)  lr: 0.0000198
Wed, 2026-04-29 01:54:42 [INFO] | TRAIN Epoch-3, Step-680: [200/240]	Acc 1.0000 (0.9788)	RealAcc 1.0000 (0.9556)	FakeACC 1.0000 (0.9849)	Loss 0.0011 (0.1153)	Loss1 0.0011 (0.1153)	Loss2 0.0000 (0.0000)	Loss_sim 0.0000 (0.0000)	Data 0.0001 (0.0235)	Time 5.8670 (5.7337)  lr: 0.0000198
Wed, 2026-04-29 01:55:40 [INFO] | TRAIN Epoch-3, Step-690: [210/240]	Acc 1.0000 (0.9792)	RealAcc 1.0000 (0.9585)	FakeACC 1.0000 (0.9848)	Loss 0.0091 (0.1115)	Loss1 0.0091 (0.1115)	Loss2 0.0000 (0.0000)	Loss_sim 0.0000 (0.0000)	Data 0.0000 (0.0224)	Time 5.9015 (5.7380)  lr: 0.0000198
Wed, 2026-04-29 01:56:38 [INFO] | TRAIN Epoch-3, Step-700: [220/240]	Acc 0.9375 (0.9784)	RealAcc 1.0000 (0.9576)	FakeACC 0.9167 (0.9841)	Loss 0.4355 (0.1155)	Loss1 0.4355 (0.1155)	Loss2 0.0000 (0.0000)	Loss_sim 0.0000 (0.0000)	Data 0.0001 (0.0214)	Time 5.9237 (5.7389)  lr: 0.0000198
Wed, 2026-04-29 01:57:35 [INFO] | TRAIN Epoch-3, Step-710: [230/240]	Acc 1.0000 (0.9788)	RealAcc 1.0000 (0.9582)	FakeACC 1.0000 (0.9844)	Loss 0.0508 (0.1142)	Loss1 0.0508 (0.1142)	Loss2 0.0000 (0.0000)	Loss_sim 0.0000 (0.0000)	Data 0.0000 (0.0205)	Time 5.8490 (5.7383)  lr: 0.0000198
Wed, 2026-04-29 01:58:33 [INFO] | TRAIN Epoch-3, Step-720: [240/240]	Acc 1.0000 (0.9789)	RealAcc 1.0000 (0.9585)	FakeACC 1.0000 (0.9844)	Loss 0.0738 (0.1132)	Loss1 0.0738 (0.1132)	Loss2 0.0000 (0.0000)	Loss_sim 0.0000 (0.0000)	Data 0.0001 (0.0196)	Time 5.7528 (5.7416)  lr: 0.0000198
Wed, 2026-04-29 01:59:35 [INFO] | TRAIN Epoch-4, Step-730: [ 10/240]	Acc 0.8750 (0.9437)	RealAcc 1.0000 (0.9286)	FakeACC 0.8462 (0.9492)	Loss 0.3472 (0.2381)	Loss1 0.3472 (0.2381)	Loss2 0.0000 (0.0000)	Loss_sim 0.0000 (0.0000)	Data 0.0000 (0.5372)	Time 5.7171 (6.1939)  lr: 0.0000190
Wed, 2026-04-29 02:00:33 [INFO] | TRAIN Epoch-4, Step-740: [ 20/240]	Acc 1.0000 (0.9437)	RealAcc 1.0000 (0.8769)	FakeACC 1.0000 (0.9608)	Loss 0.0335 (0.2299)	Loss1 0.0335 (0.2299)	Loss2 0.0000 (0.0000)	Loss_sim 0.0000 (0.0000)	Data 0.0000 (0.2686)	Time 5.7927 (5.9692)  lr: 0.0000190
Wed, 2026-04-29 02:01:31 [INFO] | TRAIN Epoch-4, Step-750: [ 30/240]	Acc 1.0000 (0.9583)	RealAcc 1.0000 (0.9182)	FakeACC 1.0000 (0.9703)	Loss 0.0092 (0.1689)	Loss1 0.0092 (0.1689)	Loss2 0.0000 (0.0000)	Loss_sim 0.0000 (0.0000)	Data 0.0000 (0.1791)	Time 5.9108 (5.9157)  lr: 0.0000190
Wed, 2026-04-29 02:02:30 [INFO] | TRAIN Epoch-4, Step-760: [ 40/240]	Acc 1.0000 (0.9641)	RealAcc 1.0000 (0.9388)	FakeACC 1.0000 (0.9716)	Loss 0.0162 (0.1468)	Loss1 0.0162 (0.1468)	Loss2 0.0000 (0.0000)	Loss_sim 0.0000 (0.0000)	Data 0.0000 (0.1343)	Time 5.6932 (5.9042)  lr: 0.0000190
Wed, 2026-04-29 02:03:28 [INFO] | TRAIN Epoch-4, Step-770: [ 50/240]	Acc 1.0000 (0.9688)	RealAcc 1.0000 (0.9477)	FakeACC 1.0000 (0.9745)	Loss 0.0388 (0.1242)	Loss1 0.0388 (0.1242)	Loss2 0.0000 (0.0000)	Loss_sim 0.0000 (0.0000)	Data 0.0001 (0.1075)	Time 5.8726 (5.8996)  lr: 0.0000190
Wed, 2026-04-29 02:04:27 [INFO] | TRAIN Epoch-4, Step-780: [ 60/240]	Acc 0.8750 (0.9708)	RealAcc 0.8571 (0.9519)	FakeACC 0.8889 (0.9761)	Loss 0.2080 (0.1108)	Loss1 0.2080 (0.1108)	Loss2 0.0000 (0.0000)	Loss_sim 0.0000 (0.0000)	Data 0.0000 (0.0896)	Time 6.0298 (5.8896)  lr: 0.0000190
Wed, 2026-04-29 02:05:26 [INFO] | TRAIN Epoch-4, Step-790: [ 70/240]	Acc 0.9375 (0.9723)	RealAcc 1.0000 (0.9500)	FakeACC 0.9231 (0.9784)	Loss 0.4403 (0.1084)	Loss1 0.4403 (0.1084)	Loss2 0.0000 (0.0000)	Loss_sim 0.0000 (0.0000)	Data 0.0000 (0.0768)	Time 5.7944 (5.8938)  lr: 0.0000190
Wed, 2026-04-29 02:06:25 [INFO] | TRAIN Epoch-4, Step-800: [ 80/240]	Acc 1.0000 (0.9742)	RealAcc 1.0000 (0.9529)	FakeACC 1.0000 (0.9801)	Loss 0.0491 (0.1050)	Loss1 0.0491 (0.1050)	Loss2 0.0000 (0.0000)	Loss_sim 0.0000 (0.0000)	Data 0.0000 (0.0672)	Time 5.8655 (5.8900)  lr: 0.0000190
Wed, 2026-04-29 02:07:23 [INFO] | TRAIN Epoch-4, Step-810: [ 90/240]	Acc 0.9375 (0.9750)	RealAcc 1.0000 (0.9531)	FakeACC 0.8889 (0.9812)	Loss 0.1323 (0.1050)	Loss1 0.1323 (0.1050)	Loss2 0.0000 (0.0000)	Loss_sim 0.0000 (0.0000)	Data 0.0001 (0.0597)	Time 5.8276 (5.8830)  lr: 0.0000190
Wed, 2026-04-29 02:08:22 [INFO] | TRAIN Epoch-4, Step-820: [100/240]	Acc 1.0000 (0.9744)	RealAcc 1.0000 (0.9551)	FakeACC 1.0000 (0.9799)	Loss 0.0159 (0.1066)	Loss1 0.0159 (0.1066)	Loss2 0.0000 (0.0000)	Loss_sim 0.0000 (0.0000)	Data 0.0001 (0.0538)	Time 5.8279 (5.8820)  lr: 0.0000190
Wed, 2026-04-29 02:09:20 [INFO] | TRAIN Epoch-4, Step-830: [110/240]	Acc 1.0000 (0.9756)	RealAcc 1.0000 (0.9560)	FakeACC 1.0000 (0.9811)	Loss 0.0029 (0.1000)	Loss1 0.0029 (0.1000)	Loss2 0.0000 (0.0000)	Loss_sim 0.0000 (0.0000)	Data 0.0000 (0.0489)	Time 5.7556 (5.8734)  lr: 0.0000190
Wed, 2026-04-29 02:10:18 [INFO] | TRAIN Epoch-4, Step-840: [120/240]	Acc 0.9375 (0.9745)	RealAcc 1.0000 (0.9528)	FakeACC 0.9091 (0.9806)	Loss 0.3680 (0.1103)	Loss1 0.3680 (0.1103)	Loss2 0.0000 (0.0000)	Loss_sim 0.0000 (0.0000)	Data 0.0000 (0.0448)	Time 5.9060 (5.8715)  lr: 0.0000190
Wed, 2026-04-29 02:11:16 [INFO] | TRAIN Epoch-4, Step-850: [130/240]	Acc 1.0000 (0.9740)	RealAcc 1.0000 (0.9557)	FakeACC 1.0000 (0.9791)	Loss 0.0349 (0.1134)	Loss1 0.0349 (0.1134)	Loss2 0.0000 (0.0000)	Loss_sim 0.0000 (0.0000)	Data 0.0000 (0.0414)	Time 5.8196 (5.8693)  lr: 0.0000190
Wed, 2026-04-29 02:12:15 [INFO] | TRAIN Epoch-4, Step-860: [140/240]	Acc 0.9375 (0.9754)	RealAcc 0.5000 (0.9569)	FakeACC 1.0000 (0.9806)	Loss 0.4455 (0.1091)	Loss1 0.4455 (0.1091)	Loss2 0.0000 (0.0000)	Loss_sim 0.0000 (0.0000)	Data 0.0000 (0.0384)	Time 5.8847 (5.8694)  lr: 0.0000190
Wed, 2026-04-29 02:13:14 [INFO] | TRAIN Epoch-4, Step-870: [150/240]	Acc 0.9375 (0.9742)	RealAcc 0.6667 (0.9538)	FakeACC 1.0000 (0.9798)	Loss 0.2116 (0.1187)	Loss1 0.2116 (0.1187)	Loss2 0.0000 (0.0000)	Loss_sim 0.0000 (0.0000)	Data 0.0000 (0.0359)	Time 5.7927 (5.8678)  lr: 0.0000190
Wed, 2026-04-29 02:14:12 [INFO] | TRAIN Epoch-4, Step-880: [160/240]	Acc 1.0000 (0.9742)	RealAcc 1.0000 (0.9568)	FakeACC 1.0000 (0.9791)	Loss 0.0022 (0.1209)	Loss1 0.0022 (0.1209)	Loss2 0.0000 (0.0000)	Loss_sim 0.0000 (0.0000)	Data 0.0000 (0.0336)	Time 5.8032 (5.8685)  lr: 0.0000190
Wed, 2026-04-29 02:15:11 [INFO] | TRAIN Epoch-4, Step-890: [170/240]	Acc 1.0000 (0.9754)	RealAcc 1.0000 (0.9578)	FakeACC 1.0000 (0.9803)	Loss 0.0010 (0.1148)	Loss1 0.0010 (0.1148)	Loss2 0.0000 (0.0000)	Loss_sim 0.0000 (0.0000)	Data 0.0000 (0.0316)	Time 5.9974 (5.8699)  lr: 0.0000190
Wed, 2026-04-29 02:16:02 [INFO] | TRAIN Epoch-4, Step-900: [180/240]	Acc 1.0000 (0.9743)	RealAcc 1.0000 (0.9569)	FakeACC 1.0000 (0.9791)	Loss 0.0237 (0.1224)	Loss1 0.0237 (0.1224)	Loss2 0.0000 (0.0000)	Loss_sim 0.0000 (0.0000)	Data 0.0000 (0.0299)	Time 2.0674 (5.8461)  lr: 0.0000190
Wed, 2026-04-29 02:16:59 [INFO] | TRAIN Epoch-4, Step-910: [190/240]	Acc 1.0000 (0.9740)	RealAcc 1.0000 (0.9555)	FakeACC 1.0000 (0.9791)	Loss 0.0014 (0.1234)	Loss1 0.0014 (0.1234)	Loss2 0.0000 (0.0000)	Loss_sim 0.0000 (0.0000)	Data 0.0001 (0.0283)	Time 5.6328 (5.8171)  lr: 0.0000190
Wed, 2026-04-29 02:17:56 [INFO] | TRAIN Epoch-4, Step-920: [200/240]	Acc 1.0000 (0.9738)	RealAcc 1.0000 (0.9547)	FakeACC 1.0000 (0.9789)	Loss 0.0374 (0.1262)	Loss1 0.0374 (0.1262)	Loss2 0.0000 (0.0000)	Loss_sim 0.0000 (0.0000)	Data 0.0000 (0.0269)	Time 5.8075 (5.8145)  lr: 0.0000190
Wed, 2026-04-29 02:18:54 [INFO] | TRAIN Epoch-4, Step-930: [210/240]	Acc 0.9375 (0.9747)	RealAcc 0.8750 (0.9556)	FakeACC 1.0000 (0.9799)	Loss 0.2855 (0.1220)	Loss1 0.2855 (0.1220)	Loss2 0.0000 (0.0000)	Loss_sim 0.0000 (0.0000)	Data 0.0000 (0.0256)	Time 5.8289 (5.8124)  lr: 0.0000190
Wed, 2026-04-29 02:19:52 [INFO] | TRAIN Epoch-4, Step-940: [220/240]	Acc 0.9375 (0.9747)	RealAcc 0.7500 (0.9523)	FakeACC 1.0000 (0.9808)	Loss 0.1357 (0.1214)	Loss1 0.1357 (0.1214)	Loss2 0.0000 (0.0000)	Loss_sim 0.0000 (0.0000)	Data 0.0000 (0.0245)	Time 5.9186 (5.8133)  lr: 0.0000190
Wed, 2026-04-29 02:20:51 [INFO] | TRAIN Epoch-4, Step-950: [230/240]	Acc 1.0000 (0.9755)	RealAcc 1.0000 (0.9535)	FakeACC 1.0000 (0.9814)	Loss 0.0088 (0.1189)	Loss1 0.0088 (0.1189)	Loss2 0.0000 (0.0000)	Loss_sim 0.0000 (0.0000)	Data 0.0001 (0.0234)	Time 5.6994 (5.8159)  lr: 0.0000190
Wed, 2026-04-29 02:21:49 [INFO] | TRAIN Epoch-4, Step-960: [240/240]	Acc 1.0000 (0.9753)	RealAcc 1.0000 (0.9523)	FakeACC 1.0000 (0.9815)	Loss 0.0121 (0.1188)	Loss1 0.0121 (0.1188)	Loss2 0.0000 (0.0000)	Loss_sim 0.0000 (0.0000)	Data 0.0000 (0.0224)	Time 5.7894 (5.8139)  lr: 0.0000190
Wed, 2026-04-29 02:22:50 [INFO] | TRAIN Epoch-5, Step-970: [ 10/240]	Acc 1.0000 (0.9875)	RealAcc 1.0000 (0.9500)	FakeACC 1.0000 (1.0000)	Loss 0.0050 (0.0488)	Loss1 0.0050 (0.0488)	Loss2 0.0000 (0.0000)	Loss_sim 0.0000 (0.0000)	Data 0.0001 (0.5307)	Time 5.7585 (6.2080)  lr: 0.0000179
Wed, 2026-04-29 02:23:47 [INFO] | TRAIN Epoch-5, Step-980: [ 20/240]	Acc 1.0000 (0.9812)	RealAcc 1.0000 (0.9452)	FakeACC 1.0000 (0.9919)	Loss 0.0022 (0.0819)	Loss1 0.0022 (0.0819)	Loss2 0.0000 (0.0000)	Loss_sim 0.0000 (0.0000)	Data 0.0001 (0.2654)	Time 5.8787 (5.9426)  lr: 0.0000179
Wed, 2026-04-29 02:24:45 [INFO] | TRAIN Epoch-5, Step-990: [ 30/240]	Acc 1.0000 (0.9812)	RealAcc 1.0000 (0.9550)	FakeACC 1.0000 (0.9892)	Loss 0.0180 (0.0796)	Loss1 0.0180 (0.0796)	Loss2 0.0000 (0.0000)	Loss_sim 0.0000 (0.0000)	Data 0.0000 (0.1769)	Time 5.7414 (5.8798)  lr: 0.0000179
Wed, 2026-04-29 02:25:43 [INFO] | TRAIN Epoch-5, Step-1000: [ 40/240]	Acc 1.0000 (0.9812)	RealAcc 1.0000 (0.9574)	FakeACC 1.0000 (0.9880)	Loss 0.0035 (0.0828)	Loss1 0.0035 (0.0828)	Loss2 0.0000 (0.0000)	Loss_sim 0.0000 (0.0000)	Data 0.0000 (0.1327)	Time 5.6572 (5.8525)  lr: 0.0000179
Wed, 2026-04-29 02:26:41 [INFO] | TRAIN Epoch-5, Step-1010: [ 50/240]	Acc 0.9375 (0.9762)	RealAcc 1.0000 (0.9545)	FakeACC 0.9231 (0.9824)	Loss 0.4164 (0.1019)	Loss1 0.4164 (0.1019)	Loss2 0.0000 (0.0000)	Loss_sim 0.0000 (0.0000)	Data 0.0000 (0.1062)	Time 5.9454 (5.8392)  lr: 0.0000179
Wed, 2026-04-29 02:27:38 [INFO] | TRAIN Epoch-5, Step-1020: [ 60/240]	Acc 0.9375 (0.9781)	RealAcc 0.7500 (0.9581)	FakeACC 1.0000 (0.9839)	Loss 0.3832 (0.1001)	Loss1 0.3832 (0.1001)	Loss2 0.0000 (0.0000)	Loss_sim 0.0000 (0.0000)	Data 0.0000 (0.0885)	Time 5.7059 (5.8205)  lr: 0.0000179
Wed, 2026-04-29 02:28:35 [INFO] | TRAIN Epoch-5, Step-1030: [ 70/240]	Acc 1.0000 (0.9786)	RealAcc 1.0000 (0.9588)	FakeACC 1.0000 (0.9840)	Loss 0.0360 (0.0941)	Loss1 0.0360 (0.0941)	Loss2 0.0000 (0.0000)	Loss_sim 0.0000 (0.0000)	Data 0.0000 (0.0759)	Time 5.7549 (5.8085)  lr: 0.0000179
Wed, 2026-04-29 02:29:33 [INFO] | TRAIN Epoch-5, Step-1040: [ 80/240]	Acc 1.0000 (0.9758)	RealAcc 1.0000 (0.9582)	FakeACC 1.0000 (0.9809)	Loss 0.0090 (0.1195)	Loss1 0.0090 (0.1195)	Loss2 0.0000 (0.0000)	Loss_sim 0.0000 (0.0000)	Data 0.0000 (0.0664)	Time 5.7545 (5.7978)  lr: 0.0000179
Wed, 2026-04-29 02:30:31 [INFO] | TRAIN Epoch-5, Step-1050: [ 90/240]	Acc 0.9375 (0.9757)	RealAcc 0.7500 (0.9600)	FakeACC 1.0000 (0.9803)	Loss 0.3178 (0.1140)	Loss1 0.3178 (0.1140)	Loss2 0.0000 (0.0000)	Loss_sim 0.0000 (0.0000)	Data 0.0001 (0.0590)	Time 5.7486 (5.7992)  lr: 0.0000179
Wed, 2026-04-29 02:31:28 [INFO] | TRAIN Epoch-5, Step-1060: [100/240]	Acc 0.9375 (0.9769)	RealAcc 0.8000 (0.9609)	FakeACC 1.0000 (0.9815)	Loss 0.0978 (0.1058)	Loss1 0.0978 (0.1058)	Loss2 0.0000 (0.0000)	Loss_sim 0.0000 (0.0000)	Data 0.0000 (0.0531)	Time 5.6975 (5.7941)  lr: 0.0000179
Wed, 2026-04-29 02:32:26 [INFO] | TRAIN Epoch-5, Step-1070: [110/240]	Acc 0.9375 (0.9756)	RealAcc 0.7500 (0.9524)	FakeACC 1.0000 (0.9824)	Loss 0.6160 (0.1086)	Loss1 0.6160 (0.1086)	Loss2 0.0000 (0.0000)	Loss_sim 0.0000 (0.0000)	Data 0.0001 (0.0483)	Time 5.8254 (5.7959)  lr: 0.0000179
Wed, 2026-04-29 02:33:24 [INFO] | TRAIN Epoch-5, Step-1080: [120/240]	Acc 1.0000 (0.9750)	RealAcc 1.0000 (0.9491)	FakeACC 1.0000 (0.9825)	Loss 0.0003 (0.1121)	Loss1 0.0003 (0.1121)	Loss2 0.0000 (0.0000)	Loss_sim 0.0000 (0.0000)	Data 0.0000 (0.0443)	Time 5.5798 (5.7913)  lr: 0.0000179
Wed, 2026-04-29 02:34:21 [INFO] | TRAIN Epoch-5, Step-1090: [130/240]	Acc 1.0000 (0.9764)	RealAcc 1.0000 (0.9523)	FakeACC 1.0000 (0.9833)	Loss 0.0067 (0.1064)	Loss1 0.0067 (0.1064)	Loss2 0.0000 (0.0000)	Loss_sim 0.0000 (0.0000)	Data 0.0000 (0.0409)	Time 5.7592 (5.7891)  lr: 0.0000179
Wed, 2026-04-29 02:35:19 [INFO] | TRAIN Epoch-5, Step-1100: [140/240]	Acc 1.0000 (0.9768)	RealAcc 1.0000 (0.9512)	FakeACC 1.0000 (0.9840)	Loss 0.0161 (0.1053)	Loss1 0.0161 (0.1053)	Loss2 0.0000 (0.0000)	Loss_sim 0.0000 (0.0000)	Data 0.0001 (0.0379)	Time 5.8335 (5.7879)  lr: 0.0000179
Wed, 2026-04-29 02:36:16 [INFO] | TRAIN Epoch-5, Step-1110: [150/240]	Acc 1.0000 (0.9771)	RealAcc 1.0000 (0.9524)	FakeACC 1.0000 (0.9840)	Loss 0.0432 (0.1057)	Loss1 0.0432 (0.1057)	Loss2 0.0000 (0.0000)	Loss_sim 0.0000 (0.0000)	Data 0.0001 (0.0354)	Time 5.8873 (5.7828)  lr: 0.0000179
Wed, 2026-04-29 02:37:13 [INFO] | TRAIN Epoch-5, Step-1120: [160/240]	Acc 1.0000 (0.9762)	RealAcc 1.0000 (0.9481)	FakeACC 1.0000 (0.9840)	Loss 0.0037 (0.1086)	Loss1 0.0037 (0.1086)	Loss2 0.0000 (0.0000)	Loss_sim 0.0000 (0.0000)	Data 0.0001 (0.0332)	Time 5.5046 (5.7792)  lr: 0.0000179
Wed, 2026-04-29 02:38:11 [INFO] | TRAIN Epoch-5, Step-1130: [170/240]	Acc 1.0000 (0.9772)	RealAcc 1.0000 (0.9495)	FakeACC 1.0000 (0.9849)	Loss 0.0013 (0.1051)	Loss1 0.0013 (0.1051)	Loss2 0.0000 (0.0000)	Loss_sim 0.0000 (0.0000)	Data 0.0000 (0.0313)	Time 5.6991 (5.7777)  lr: 0.0000179
Wed, 2026-04-29 02:39:08 [INFO] | TRAIN Epoch-5, Step-1140: [180/240]	Acc 1.0000 (0.9767)	RealAcc 1.0000 (0.9508)	FakeACC 1.0000 (0.9840)	Loss 0.0003 (0.1121)	Loss1 0.0003 (0.1121)	Loss2 0.0000 (0.0000)	Loss_sim 0.0000 (0.0000)	Data 0.0000 (0.0295)	Time 5.7502 (5.7758)  lr: 0.0000179
Wed, 2026-04-29 02:39:57 [INFO] | TRAIN Epoch-5, Step-1150: [190/240]	Acc 1.0000 (0.9766)	RealAcc 1.0000 (0.9501)	FakeACC 1.0000 (0.9840)	Loss 0.0286 (0.1102)	Loss1 0.0286 (0.1102)	Loss2 0.0000 (0.0000)	Loss_sim 0.0000 (0.0000)	Data 0.0000 (0.0280)	Time 5.7525 (5.7291)  lr: 0.0000179
Wed, 2026-04-29 02:40:56 [INFO] | TRAIN Epoch-5, Step-1160: [200/240]	Acc 0.9375 (0.9766)	RealAcc 0.5000 (0.9479)	FakeACC 1.0000 (0.9845)	Loss 0.3834 (0.1152)	Loss1 0.3834 (0.1152)	Loss2 0.0000 (0.0000)	Loss_sim 0.0000 (0.0000)	Data 0.0000 (0.0266)	Time 5.8742 (5.7326)  lr: 0.0000179
Wed, 2026-04-29 02:41:54 [INFO] | TRAIN Epoch-5, Step-1170: [210/240]	Acc 1.0000 (0.9771)	RealAcc 1.0000 (0.9497)	FakeACC 1.0000 (0.9845)	Loss 0.0030 (0.1117)	Loss1 0.0030 (0.1117)	Loss2 0.0000 (0.0000)	Loss_sim 0.0000 (0.0000)	Data 0.0001 (0.0253)	Time 5.9379 (5.7381)  lr: 0.0000179
Wed, 2026-04-29 02:42:53 [INFO] | TRAIN Epoch-5, Step-1180: [220/240]	Acc 1.0000 (0.9773)	RealAcc 1.0000 (0.9506)	FakeACC 1.0000 (0.9845)	Loss 0.0021 (0.1086)	Loss1 0.0021 (0.1086)	Loss2 0.0000 (0.0000)	Loss_sim 0.0000 (0.0000)	Data 0.0000 (0.0242)	Time 5.8678 (5.7440)  lr: 0.0000179
Wed, 2026-04-29 02:43:51 [INFO] | TRAIN Epoch-5, Step-1190: [230/240]	Acc 1.0000 (0.9769)	RealAcc 1.0000 (0.9507)	FakeACC 1.0000 (0.9841)	Loss 0.0066 (0.1089)	Loss1 0.0066 (0.1089)	Loss2 0.0000 (0.0000)	Loss_sim 0.0000 (0.0000)	Data 0.0000 (0.0231)	Time 5.9587 (5.7480)  lr: 0.0000179
Wed, 2026-04-29 02:44:50 [INFO] | TRAIN Epoch-5, Step-1200: [240/240]	Acc 0.9375 (0.9768)	RealAcc 1.0000 (0.9499)	FakeACC 0.9333 (0.9841)	Loss 0.1270 (0.1115)	Loss1 0.1270 (0.1115)	Loss2 0.0000 (0.0000)	Loss_sim 0.0000 (0.0000)	Data 0.0000 (0.0222)	Time 5.8498 (5.7546)  lr: 0.0000179
Wed, 2026-04-29 02:45:52 [INFO] | TRAIN Epoch-6, Step-1210: [ 10/240]	Acc 1.0000 (0.9625)	RealAcc 1.0000 (0.9333)	FakeACC 1.0000 (0.9692)	Loss 0.0036 (0.1289)	Loss1 0.0036 (0.1289)	Loss2 0.0000 (0.0000)	Loss_sim 0.0000 (0.0000)	Data 0.0000 (0.4691)	Time 5.8652 (6.2632)  lr: 0.0000165
Wed, 2026-04-29 02:46:50 [INFO] | TRAIN Epoch-6, Step-1220: [ 20/240]	Acc 0.9375 (0.9656)	RealAcc 0.7500 (0.9231)	FakeACC 1.0000 (0.9765)	Loss 0.1190 (0.1034)	Loss1 0.1190 (0.1034)	Loss2 0.0000 (0.0000)	Loss_sim 0.0000 (0.0000)	Data 0.0000 (0.2346)	Time 5.8500 (6.0107)  lr: 0.0000165
Wed, 2026-04-29 02:47:47 [INFO] | TRAIN Epoch-6, Step-1230: [ 30/240]	Acc 0.9375 (0.9688)	RealAcc 1.0000 (0.9388)	FakeACC 0.9333 (0.9764)	Loss 0.5140 (0.1111)	Loss1 0.5140 (0.1111)	Loss2 0.0000 (0.0000)	Loss_sim 0.0000 (0.0000)	Data 0.0000 (0.1564)	Time 5.7834 (5.9158)  lr: 0.0000165
Wed, 2026-04-29 02:48:45 [INFO] | TRAIN Epoch-6, Step-1240: [ 40/240]	Acc 1.0000 (0.9703)	RealAcc 1.0000 (0.9297)	FakeACC 1.0000 (0.9805)	Loss 0.0015 (0.1252)	Loss1 0.0015 (0.1252)	Loss2 0.0000 (0.0000)	Loss_sim 0.0000 (0.0000)	Data 0.0001 (0.1173)	Time 5.7126 (5.8821)  lr: 0.0000165
Wed, 2026-04-29 02:49:43 [INFO] | TRAIN Epoch-6, Step-1250: [ 50/240]	Acc 1.0000 (0.9762)	RealAcc 1.0000 (0.9408)	FakeACC 1.0000 (0.9846)	Loss 0.0286 (0.1019)	Loss1 0.0286 (0.1019)	Loss2 0.0000 (0.0000)	Loss_sim 0.0000 (0.0000)	Data 0.0000 (0.0939)	Time 5.7674 (5.8641)  lr: 0.0000165
Wed, 2026-04-29 02:50:40 [INFO] | TRAIN Epoch-6, Step-1260: [ 60/240]	Acc 0.9375 (0.9719)	RealAcc 1.0000 (0.9348)	FakeACC 0.8889 (0.9807)	Loss 0.1442 (0.1150)	Loss1 0.1442 (0.1150)	Loss2 0.0000 (0.0000)	Loss_sim 0.0000 (0.0000)	Data 0.0000 (0.0782)	Time 5.7379 (5.8416)  lr: 0.0000165
Wed, 2026-04-29 02:51:38 [INFO] | TRAIN Epoch-6, Step-1270: [ 70/240]	Acc 1.0000 (0.9705)	RealAcc 1.0000 (0.9369)	FakeACC 1.0000 (0.9788)	Loss 0.0033 (0.1183)	Loss1 0.0033 (0.1183)	Loss2 0.0000 (0.0000)	Loss_sim 0.0000 (0.0000)	Data 0.0000 (0.0670)	Time 5.6913 (5.8268)  lr: 0.0000165
Wed, 2026-04-29 02:52:35 [INFO] | TRAIN Epoch-6, Step-1280: [ 80/240]	Acc 1.0000 (0.9742)	RealAcc 1.0000 (0.9453)	FakeACC 1.0000 (0.9814)	Loss 0.0195 (0.1057)	Loss1 0.0195 (0.1057)	Loss2 0.0000 (0.0000)	Loss_sim 0.0000 (0.0000)	Data 0.0001 (0.0587)	Time 5.6135 (5.8159)  lr: 0.0000165
Wed, 2026-04-29 02:53:33 [INFO] | TRAIN Epoch-6, Step-1290: [ 90/240]	Acc 1.0000 (0.9743)	RealAcc 1.0000 (0.9492)	FakeACC 1.0000 (0.9808)	Loss 0.0139 (0.1087)	Loss1 0.0139 (0.1087)	Loss2 0.0000 (0.0000)	Loss_sim 0.0000 (0.0000)	Data 0.0000 (0.0522)	Time 5.6787 (5.8074)  lr: 0.0000165
Wed, 2026-04-29 02:54:32 [INFO] | TRAIN Epoch-6, Step-1300: [100/240]	Acc 0.8750 (0.9744)	RealAcc 1.0000 (0.9486)	FakeACC 0.8667 (0.9811)	Loss 0.6519 (0.1130)	Loss1 0.6519 (0.1130)	Loss2 0.0000 (0.0000)	Loss_sim 0.0000 (0.0000)	Data 0.0000 (0.0469)	Time 5.9008 (5.8164)  lr: 0.0000165
Wed, 2026-04-29 02:55:30 [INFO] | TRAIN Epoch-6, Step-1310: [110/240]	Acc 1.0000 (0.9744)	RealAcc 1.0000 (0.9472)	FakeACC 1.0000 (0.9814)	Loss 0.0050 (0.1180)	Loss1 0.0050 (0.1180)	Loss2 0.0000 (0.0000)	Loss_sim 0.0000 (0.0000)	Data 0.0000 (0.0427)	Time 5.8130 (5.8137)  lr: 0.0000165
Wed, 2026-04-29 02:56:28 [INFO] | TRAIN Epoch-6, Step-1320: [120/240]	Acc 1.0000 (0.9745)	RealAcc 1.0000 (0.9449)	FakeACC 1.0000 (0.9822)	Loss 0.0181 (0.1203)	Loss1 0.0181 (0.1203)	Loss2 0.0000 (0.0000)	Loss_sim 0.0000 (0.0000)	Data 0.0000 (0.0391)	Time 5.7091 (5.8137)  lr: 0.0000165
Wed, 2026-04-29 02:57:26 [INFO] | TRAIN Epoch-6, Step-1330: [130/240]	Acc 0.9375 (0.9745)	RealAcc 0.6667 (0.9394)	FakeACC 1.0000 (0.9836)	Loss 0.1685 (0.1266)	Loss1 0.1685 (0.1266)	Loss2 0.0000 (0.0000)	Loss_sim 0.0000 (0.0000)	Data 0.0000 (0.0361)	Time 5.8890 (5.8154)  lr: 0.0000165
Wed, 2026-04-29 02:58:24 [INFO] | TRAIN Epoch-6, Step-1340: [140/240]	Acc 0.9375 (0.9754)	RealAcc 1.0000 (0.9436)	FakeACC 0.9286 (0.9837)	Loss 0.4098 (0.1225)	Loss1 0.4098 (0.1225)	Loss2 0.0000 (0.0000)	Loss_sim 0.0000 (0.0000)	Data 0.0001 (0.0336)	Time 5.8946 (5.8176)  lr: 0.0000165
Wed, 2026-04-29 02:59:23 [INFO] | TRAIN Epoch-6, Step-1350: [150/240]	Acc 1.0000 (0.9762)	RealAcc 0.0000 (0.9482)	FakeACC 1.0000 (0.9837)	Loss 0.0007 (0.1200)	Loss1 0.0007 (0.1200)	Loss2 0.0000 (0.0000)	Loss_sim 0.0000 (0.0000)	Data 0.0000 (0.0313)	Time 5.9146 (5.8213)  lr: 0.0000165
Wed, 2026-04-29 03:00:22 [INFO] | TRAIN Epoch-6, Step-1360: [160/240]	Acc 0.9375 (0.9766)	RealAcc 0.5000 (0.9491)	FakeACC 1.0000 (0.9837)	Loss 0.3856 (0.1205)	Loss1 0.3856 (0.1205)	Loss2 0.0000 (0.0000)	Loss_sim 0.0000 (0.0000)	Data 0.0000 (0.0294)	Time 5.7875 (5.8234)  lr: 0.0000165
Wed, 2026-04-29 03:01:20 [INFO] | TRAIN Epoch-6, Step-1370: [170/240]	Acc 1.0000 (0.9761)	RealAcc 1.0000 (0.9471)	FakeACC 1.0000 (0.9837)	Loss 0.0002 (0.1201)	Loss1 0.0002 (0.1201)	Loss2 0.0000 (0.0000)	Loss_sim 0.0000 (0.0000)	Data 0.0000 (0.0276)	Time 5.8738 (5.8253)  lr: 0.0000165
Wed, 2026-04-29 03:02:19 [INFO] | TRAIN Epoch-6, Step-1380: [180/240]	Acc 1.0000 (0.9767)	RealAcc 1.0000 (0.9495)	FakeACC 1.0000 (0.9841)	Loss 0.0050 (0.1157)	Loss1 0.0050 (0.1157)	Loss2 0.0000 (0.0000)	Loss_sim 0.0000 (0.0000)	Data 0.0000 (0.0261)	Time 5.7863 (5.8277)  lr: 0.0000165
Wed, 2026-04-29 03:03:05 [INFO] | TRAIN Epoch-6, Step-1390: [190/240]	Acc 1.0000 (0.9773)	RealAcc 1.0000 (0.9507)	FakeACC 1.0000 (0.9845)	Loss 0.0027 (0.1132)	Loss1 0.0027 (0.1132)	Loss2 0.0000 (0.0000)	Loss_sim 0.0000 (0.0000)	Data 0.0000 (0.0247)	Time 5.7510 (5.7645)  lr: 0.0000165
Wed, 2026-04-29 03:04:03 [INFO] | TRAIN Epoch-6, Step-1400: [200/240]	Acc 0.9375 (0.9781)	RealAcc 0.6667 (0.9512)	FakeACC 1.0000 (0.9853)	Loss 0.1181 (0.1085)	Loss1 0.1181 (0.1085)	Loss2 0.0000 (0.0000)	Loss_sim 0.0000 (0.0000)	Data 0.0000 (0.0235)	Time 5.8622 (5.7643)  lr: 0.0000165
Wed, 2026-04-29 03:05:00 [INFO] | TRAIN Epoch-6, Step-1410: [210/240]	Acc 1.0000 (0.9786)	RealAcc 1.0000 (0.9518)	FakeACC 1.0000 (0.9857)	Loss 0.0014 (0.1086)	Loss1 0.0014 (0.1086)	Loss2 0.0000 (0.0000)	Loss_sim 0.0000 (0.0000)	Data 0.0000 (0.0224)	Time 5.6918 (5.7641)  lr: 0.0000165
Wed, 2026-04-29 03:05:57 [INFO] | TRAIN Epoch-6, Step-1420: [220/240]	Acc 1.0000 (0.9790)	RealAcc 1.0000 (0.9530)	FakeACC 1.0000 (0.9859)	Loss 0.0552 (0.1058)	Loss1 0.0552 (0.1058)	Loss2 0.0000 (0.0000)	Loss_sim 0.0000 (0.0000)	Data 0.0000 (0.0214)	Time 5.7583 (5.7612)  lr: 0.0000165
Wed, 2026-04-29 03:06:56 [INFO] | TRAIN Epoch-6, Step-1430: [230/240]	Acc 1.0000 (0.9796)	RealAcc 1.0000 (0.9544)	FakeACC 1.0000 (0.9865)	Loss 0.0053 (0.1025)	Loss1 0.0053 (0.1025)	Loss2 0.0000 (0.0000)	Loss_sim 0.0000 (0.0000)	Data 0.0000 (0.0204)	Time 5.8880 (5.7649)  lr: 0.0000165
Wed, 2026-04-29 03:07:54 [INFO] | TRAIN Epoch-6, Step-1440: [240/240]	Acc 1.0000 (0.9789)	RealAcc 1.0000 (0.9535)	FakeACC 1.0000 (0.9858)	Loss 0.0651 (0.1081)	Loss1 0.0651 (0.1081)	Loss2 0.0000 (0.0000)	Loss_sim 0.0000 (0.0000)	Data 0.0000 (0.0196)	Time 5.7445 (5.7670)  lr: 0.0000165
Wed, 2026-04-29 03:08:57 [INFO] | TRAIN Epoch-7, Step-1450: [ 10/240]	Acc 1.0000 (0.9625)	RealAcc 1.0000 (0.9667)	FakeACC 1.0000 (0.9615)	Loss 0.0034 (0.1330)	Loss1 0.0034 (0.1330)	Loss2 0.0000 (0.0000)	Loss_sim 0.0000 (0.0000)	Data 0.0000 (0.7020)	Time 5.8229 (6.4112)  lr: 0.0000150
Wed, 2026-04-29 03:09:55 [INFO] | TRAIN Epoch-7, Step-1460: [ 20/240]	Acc 1.0000 (0.9625)	RealAcc 1.0000 (0.9429)	FakeACC 1.0000 (0.9680)	Loss 0.0402 (0.1538)	Loss1 0.0402 (0.1538)	Loss2 0.0000 (0.0000)	Loss_sim 0.0000 (0.0000)	Data 0.0000 (0.3510)	Time 5.7919 (6.0487)  lr: 0.0000150
Wed, 2026-04-29 03:10:52 [INFO] | TRAIN Epoch-7, Step-1470: [ 30/240]	Acc 1.0000 (0.9667)	RealAcc 1.0000 (0.9533)	FakeACC 1.0000 (0.9705)	Loss 0.0001 (0.1567)	Loss1 0.0001 (0.1567)	Loss2 0.0000 (0.0000)	Loss_sim 0.0000 (0.0000)	Data 0.0000 (0.2340)	Time 5.7837 (5.9373)  lr: 0.0000150
Wed, 2026-04-29 03:11:48 [INFO] | TRAIN Epoch-7, Step-1480: [ 40/240]	Acc 0.9375 (0.9703)	RealAcc 0.8000 (0.9577)	FakeACC 1.0000 (0.9739)	Loss 0.4575 (0.1450)	Loss1 0.4575 (0.1450)	Loss2 0.0000 (0.0000)	Loss_sim 0.0000 (0.0000)	Data 0.0000 (0.1755)	Time 5.5823 (5.8525)  lr: 0.0000150
Wed, 2026-04-29 03:12:45 [INFO] | TRAIN Epoch-7, Step-1490: [ 50/240]	Acc 0.8750 (0.9700)	RealAcc 0.6667 (0.9494)	FakeACC 0.9231 (0.9759)	Loss 0.7878 (0.1490)	Loss1 0.7878 (0.1490)	Loss2 0.0000 (0.0000)	Loss_sim 0.0000 (0.0000)	Data 0.0000 (0.1404)	Time 5.7636 (5.8257)  lr: 0.0000150
Wed, 2026-04-29 03:13:43 [INFO] | TRAIN Epoch-7, Step-1500: [ 60/240]	Acc 0.8750 (0.9708)	RealAcc 1.0000 (0.9533)	FakeACC 0.8333 (0.9759)	Loss 0.7304 (0.1415)	Loss1 0.7304 (0.1415)	Loss2 0.0000 (0.0000)	Loss_sim 0.0000 (0.0000)	Data 0.0000 (0.1170)	Time 5.8353 (5.8216)  lr: 0.0000150
Wed, 2026-04-29 03:14:41 [INFO] | TRAIN Epoch-7, Step-1510: [ 70/240]	Acc 0.9375 (0.9714)	RealAcc 0.8333 (0.9480)	FakeACC 1.0000 (0.9782)	Loss 0.1823 (0.1346)	Loss1 0.1823 (0.1346)	Loss2 0.0000 (0.0000)	Loss_sim 0.0000 (0.0000)	Data 0.0000 (0.1003)	Time 5.7991 (5.8196)  lr: 0.0000150
Wed, 2026-04-29 03:15:39 [INFO] | TRAIN Epoch-7, Step-1520: [ 80/240]	Acc 0.9375 (0.9742)	RealAcc 1.0000 (0.9549)	FakeACC 0.8889 (0.9798)	Loss 0.1789 (0.1209)	Loss1 0.1789 (0.1209)	Loss2 0.0000 (0.0000)	Loss_sim 0.0000 (0.0000)	Data 0.0000 (0.0878)	Time 5.8479 (5.8148)  lr: 0.0000150
Wed, 2026-04-29 03:16:37 [INFO] | TRAIN Epoch-7, Step-1530: [ 90/240]	Acc 0.9375 (0.9729)	RealAcc 1.0000 (0.9527)	FakeACC 0.9333 (0.9786)	Loss 0.6149 (0.1291)	Loss1 0.6149 (0.1291)	Loss2 0.0000 (0.0000)	Loss_sim 0.0000 (0.0000)	Data 0.0000 (0.0780)	Time 5.7857 (5.8197)  lr: 0.0000150
Wed, 2026-04-29 03:17:36 [INFO] | TRAIN Epoch-7, Step-1540: [100/240]	Acc 0.9375 (0.9750)	RealAcc 0.6667 (0.9542)	FakeACC 1.0000 (0.9808)	Loss 0.1006 (0.1185)	Loss1 0.1006 (0.1185)	Loss2 0.0000 (0.0000)	Loss_sim 0.0000 (0.0000)	Data 0.0000 (0.0702)	Time 5.7822 (5.8178)  lr: 0.0000150
Wed, 2026-04-29 03:18:35 [INFO] | TRAIN Epoch-7, Step-1550: [110/240]	Acc 1.0000 (0.9756)	RealAcc 1.0000 (0.9569)	FakeACC 1.0000 (0.9810)	Loss 0.0032 (0.1161)	Loss1 0.0032 (0.1161)	Loss2 0.0000 (0.0000)	Loss_sim 0.0000 (0.0000)	Data 0.0001 (0.0639)	Time 5.8767 (5.8250)  lr: 0.0000150
Wed, 2026-04-29 03:19:33 [INFO] | TRAIN Epoch-7, Step-1560: [120/240]	Acc 0.9375 (0.9760)	RealAcc 1.0000 (0.9574)	FakeACC 0.9286 (0.9813)	Loss 0.1468 (0.1149)	Loss1 0.1468 (0.1149)	Loss2 0.0000 (0.0000)	Loss_sim 0.0000 (0.0000)	Data 0.0000 (0.0585)	Time 5.7563 (5.8262)  lr: 0.0000150
Wed, 2026-04-29 03:20:31 [INFO] | TRAIN Epoch-7, Step-1570: [130/240]	Acc 0.8750 (0.9750)	RealAcc 1.0000 (0.9541)	FakeACC 0.8182 (0.9809)	Loss 0.2963 (0.1178)	Loss1 0.2963 (0.1178)	Loss2 0.0000 (0.0000)	Loss_sim 0.0000 (0.0000)	Data 0.0000 (0.0540)	Time 5.7814 (5.8210)  lr: 0.0000150
Wed, 2026-04-29 03:21:29 [INFO] | TRAIN Epoch-7, Step-1580: [140/240]	Acc 1.0000 (0.9759)	RealAcc 1.0000 (0.9559)	FakeACC 1.0000 (0.9816)	Loss 0.0314 (0.1147)	Loss1 0.0314 (0.1147)	Loss2 0.0000 (0.0000)	Loss_sim 0.0000 (0.0000)	Data 0.0000 (0.0502)	Time 5.8452 (5.8228)  lr: 0.0000150
Wed, 2026-04-29 03:22:26 [INFO] | TRAIN Epoch-7, Step-1590: [150/240]	Acc 0.9375 (0.9750)	RealAcc 1.0000 (0.9542)	FakeACC 0.9286 (0.9808)	Loss 0.1431 (0.1153)	Loss1 0.1431 (0.1153)	Loss2 0.0000 (0.0000)	Loss_sim 0.0000 (0.0000)	Data 0.0000 (0.0468)	Time 5.7843 (5.8160)  lr: 0.0000150
Wed, 2026-04-29 03:23:24 [INFO] | TRAIN Epoch-7, Step-1600: [160/240]	Acc 1.0000 (0.9758)	RealAcc 1.0000 (0.9547)	FakeACC 1.0000 (0.9816)	Loss 0.0003 (0.1122)	Loss1 0.0003 (0.1122)	Loss2 0.0000 (0.0000)	Loss_sim 0.0000 (0.0000)	Data 0.0000 (0.0439)	Time 5.7436 (5.8089)  lr: 0.0000150
Wed, 2026-04-29 03:24:24 [INFO] | TRAIN Epoch-7, Step-1610: [170/240]	Acc 1.0000 (0.9768)	RealAcc 1.0000 (0.9573)	FakeACC 1.0000 (0.9822)	Loss 0.0229 (0.1084)	Loss1 0.0229 (0.1084)	Loss2 0.0000 (0.0000)	Loss_sim 0.0000 (0.0000)	Data 0.0000 (0.0413)	Time 6.0017 (5.8194)  lr: 0.0000150
Wed, 2026-04-29 03:25:23 [INFO] | TRAIN Epoch-7, Step-1620: [180/240]	Acc 1.0000 (0.9774)	RealAcc 1.0000 (0.9565)	FakeACC 1.0000 (0.9832)	Loss 0.0014 (0.1039)	Loss1 0.0014 (0.1039)	Loss2 0.0000 (0.0000)	Loss_sim 0.0000 (0.0000)	Data 0.0000 (0.0390)	Time 5.9279 (5.8277)  lr: 0.0000150
Wed, 2026-04-29 03:26:13 [INFO] | TRAIN Epoch-7, Step-1630: [190/240]	Acc 1.0000 (0.9780)	RealAcc 1.0000 (0.9585)	FakeACC 1.0000 (0.9833)	Loss 0.0382 (0.1005)	Loss1 0.0382 (0.1005)	Loss2 0.0000 (0.0000)	Loss_sim 0.0000 (0.0000)	Data 0.0000 (0.0370)	Time 5.8633 (5.7849)  lr: 0.0000150
Wed, 2026-04-29 03:27:12 [INFO] | TRAIN Epoch-7, Step-1640: [200/240]	Acc 1.0000 (0.9772)	RealAcc 1.0000 (0.9543)	FakeACC 1.0000 (0.9833)	Loss 0.0020 (0.1041)	Loss1 0.0020 (0.1041)	Loss2 0.0000 (0.0000)	Loss_sim 0.0000 (0.0000)	Data 0.0000 (0.0351)	Time 5.7898 (5.7885)  lr: 0.0000150
Wed, 2026-04-29 03:28:10 [INFO] | TRAIN Epoch-7, Step-1650: [210/240]	Acc 1.0000 (0.9774)	RealAcc 1.0000 (0.9551)	FakeACC 1.0000 (0.9834)	Loss 0.0111 (0.1026)	Loss1 0.0111 (0.1026)	Loss2 0.0000 (0.0000)	Loss_sim 0.0000 (0.0000)	Data 0.0000 (0.0335)	Time 5.7942 (5.7914)  lr: 0.0000150
Wed, 2026-04-29 03:29:10 [INFO] | TRAIN Epoch-7, Step-1660: [220/240]	Acc 1.0000 (0.9781)	RealAcc 1.0000 (0.9576)	FakeACC 1.0000 (0.9837)	Loss 0.0010 (0.0999)	Loss1 0.0010 (0.0999)	Loss2 0.0000 (0.0000)	Loss_sim 0.0000 (0.0000)	Data 0.0000 (0.0319)	Time 5.8111 (5.7984)  lr: 0.0000150
Wed, 2026-04-29 03:30:10 [INFO] | TRAIN Epoch-7, Step-1670: [230/240]	Acc 1.0000 (0.9783)	RealAcc 1.0000 (0.9581)	FakeACC 1.0000 (0.9838)	Loss 0.0010 (0.1006)	Loss1 0.0010 (0.1006)	Loss2 0.0000 (0.0000)	Loss_sim 0.0000 (0.0000)	Data 0.0000 (0.0306)	Time 5.9643 (5.8053)  lr: 0.0000150
Wed, 2026-04-29 03:31:09 [INFO] | TRAIN Epoch-7, Step-1680: [240/240]	Acc 1.0000 (0.9786)	RealAcc 1.0000 (0.9596)	FakeACC 1.0000 (0.9838)	Loss 0.0190 (0.0996)	Loss1 0.0190 (0.0996)	Loss2 0.0000 (0.0000)	Loss_sim 0.0000 (0.0000)	Data 0.0000 (0.0293)	Time 5.9028 (5.8127)  lr: 0.0000150
Wed, 2026-04-29 03:32:12 [INFO] | TRAIN Epoch-8, Step-1690: [ 10/240]	Acc 1.0000 (0.9688)	RealAcc 1.0000 (0.9355)	FakeACC 1.0000 (0.9767)	Loss 0.0009 (0.1545)	Loss1 0.0009 (0.1545)	Loss2 0.0000 (0.0000)	Loss_sim 0.0000 (0.0000)	Data 0.0000 (0.5256)	Time 5.6922 (6.2789)  lr: 0.0000135
Wed, 2026-04-29 03:33:10 [INFO] | TRAIN Epoch-8, Step-1700: [ 20/240]	Acc 1.0000 (0.9750)	RealAcc 1.0000 (0.9701)	FakeACC 1.0000 (0.9763)	Loss 0.0009 (0.1538)	Loss1 0.0009 (0.1538)	Loss2 0.0000 (0.0000)	Loss_sim 0.0000 (0.0000)	Data 0.0000 (0.2628)	Time 5.9273 (6.0144)  lr: 0.0000135
Wed, 2026-04-29 03:34:08 [INFO] | TRAIN Epoch-8, Step-1710: [ 30/240]	Acc 1.0000 (0.9688)	RealAcc 0.0000 (0.9412)	FakeACC 1.0000 (0.9762)	Loss 0.0005 (0.1442)	Loss1 0.0005 (0.1442)	Loss2 0.0000 (0.0000)	Loss_sim 0.0000 (0.0000)	Data 0.0000 (0.1752)	Time 5.8016 (5.9673)  lr: 0.0000135
Wed, 2026-04-29 03:35:08 [INFO] | TRAIN Epoch-8, Step-1720: [ 40/240]	Acc 1.0000 (0.9734)	RealAcc 1.0000 (0.9431)	FakeACC 1.0000 (0.9807)	Loss 0.0210 (0.1180)	Loss1 0.0210 (0.1180)	Loss2 0.0000 (0.0000)	Loss_sim 0.0000 (0.0000)	Data 0.0000 (0.1314)	Time 5.9421 (5.9619)  lr: 0.0000135
Wed, 2026-04-29 03:36:08 [INFO] | TRAIN Epoch-8, Step-1730: [ 50/240]	Acc 0.9375 (0.9750)	RealAcc 1.0000 (0.9481)	FakeACC 0.9286 (0.9814)	Loss 0.2550 (0.1113)	Loss1 0.2550 (0.1113)	Loss2 0.0000 (0.0000)	Loss_sim 0.0000 (0.0000)	Data 0.0000 (0.1051)	Time 5.9222 (5.9638)  lr: 0.0000135
Wed, 2026-04-29 03:37:06 [INFO] | TRAIN Epoch-8, Step-1740: [ 60/240]	Acc 1.0000 (0.9771)	RealAcc 1.0000 (0.9529)	FakeACC 1.0000 (0.9831)	Loss 0.0003 (0.1037)	Loss1 0.0003 (0.1037)	Loss2 0.0000 (0.0000)	Loss_sim 0.0000 (0.0000)	Data 0.0000 (0.0876)	Time 5.9321 (5.9545)  lr: 0.0000135
Wed, 2026-04-29 03:38:05 [INFO] | TRAIN Epoch-8, Step-1750: [ 70/240]	Acc 1.0000 (0.9759)	RealAcc 1.0000 (0.9513)	FakeACC 1.0000 (0.9821)	Loss 0.0278 (0.1176)	Loss1 0.0278 (0.1176)	Loss2 0.0000 (0.0000)	Loss_sim 0.0000 (0.0000)	Data 0.0000 (0.0751)	Time 5.6743 (5.9401)  lr: 0.0000135
Wed, 2026-04-29 03:39:05 [INFO] | TRAIN Epoch-8, Step-1760: [ 80/240]	Acc 1.0000 (0.9766)	RealAcc 1.0000 (0.9500)	FakeACC 1.0000 (0.9833)	Loss 0.0009 (0.1077)	Loss1 0.0009 (0.1077)	Loss2 0.0000 (0.0000)	Loss_sim 0.0000 (0.0000)	Data 0.0000 (0.0657)	Time 6.0509 (5.9399)  lr: 0.0000135
Wed, 2026-04-29 03:40:04 [INFO] | TRAIN Epoch-8, Step-1770: [ 90/240]	Acc 1.0000 (0.9764)	RealAcc 1.0000 (0.9479)	FakeACC 1.0000 (0.9835)	Loss 0.0469 (0.1084)	Loss1 0.0469 (0.1084)	Loss2 0.0000 (0.0000)	Loss_sim 0.0000 (0.0000)	Data 0.0000 (0.0584)	Time 5.9691 (5.9436)  lr: 0.0000135
Wed, 2026-04-29 03:41:03 [INFO] | TRAIN Epoch-8, Step-1780: [100/240]	Acc 1.0000 (0.9762)	RealAcc 1.0000 (0.9406)	FakeACC 1.0000 (0.9852)	Loss 0.0054 (0.1084)	Loss1 0.0054 (0.1084)	Loss2 0.0000 (0.0000)	Loss_sim 0.0000 (0.0000)	Data 0.0001 (0.0526)	Time 5.7917 (5.9375)  lr: 0.0000135
Wed, 2026-04-29 03:42:03 [INFO] | TRAIN Epoch-8, Step-1790: [110/240]	Acc 1.0000 (0.9750)	RealAcc 1.0000 (0.9391)	FakeACC 1.0000 (0.9843)	Loss 0.0016 (0.1172)	Loss1 0.0016 (0.1172)	Loss2 0.0000 (0.0000)	Loss_sim 0.0000 (0.0000)	Data 0.0000 (0.0478)	Time 5.9364 (5.9388)  lr: 0.0000135
Wed, 2026-04-29 03:43:02 [INFO] | TRAIN Epoch-8, Step-1800: [120/240]	Acc 1.0000 (0.9771)	RealAcc 1.0000 (0.9446)	FakeACC 1.0000 (0.9856)	Loss 0.0476 (0.1084)	Loss1 0.0476 (0.1084)	Loss2 0.0000 (0.0000)	Loss_sim 0.0000 (0.0000)	Data 0.0000 (0.0438)	Time 5.9916 (5.9412)  lr: 0.0000135
Wed, 2026-04-29 03:44:02 [INFO] | TRAIN Epoch-8, Step-1810: [130/240]	Acc 0.9375 (0.9774)	RealAcc 0.6667 (0.9474)	FakeACC 1.0000 (0.9854)	Loss 0.3307 (0.1090)	Loss1 0.3307 (0.1090)	Loss2 0.0000 (0.0000)	Loss_sim 0.0000 (0.0000)	Data 0.0000 (0.0405)	Time 5.7884 (5.9403)  lr: 0.0000135
Wed, 2026-04-29 03:45:00 [INFO] | TRAIN Epoch-8, Step-1820: [140/240]	Acc 1.0000 (0.9786)	RealAcc 1.0000 (0.9522)	FakeACC 1.0000 (0.9858)	Loss 0.0093 (0.1054)	Loss1 0.0093 (0.1054)	Loss2 0.0000 (0.0000)	Loss_sim 0.0000 (0.0000)	Data 0.0000 (0.0376)	Time 5.8438 (5.9344)  lr: 0.0000135
Wed, 2026-04-29 03:45:58 [INFO] | TRAIN Epoch-8, Step-1830: [150/240]	Acc 0.9375 (0.9779)	RealAcc 1.0000 (0.9536)	FakeACC 0.9167 (0.9846)	Loss 0.5917 (0.1130)	Loss1 0.5917 (0.1130)	Loss2 0.0000 (0.0000)	Loss_sim 0.0000 (0.0000)	Data 0.0000 (0.0351)	Time 5.8132 (5.9282)  lr: 0.0000135
Wed, 2026-04-29 03:46:58 [INFO] | TRAIN Epoch-8, Step-1840: [160/240]	Acc 1.0000 (0.9793)	RealAcc 1.0000 (0.9564)	FakeACC 1.0000 (0.9856)	Loss 0.0003 (0.1069)	Loss1 0.0003 (0.1069)	Loss2 0.0000 (0.0000)	Loss_sim 0.0000 (0.0000)	Data 0.0000 (0.0329)	Time 6.0371 (5.9282)  lr: 0.0000135
Wed, 2026-04-29 03:47:56 [INFO] | TRAIN Epoch-8, Step-1850: [170/240]	Acc 0.9375 (0.9790)	RealAcc 1.0000 (0.9542)	FakeACC 0.9167 (0.9859)	Loss 0.5001 (0.1091)	Loss1 0.5001 (0.1091)	Loss2 0.0000 (0.0000)	Loss_sim 0.0000 (0.0000)	Data 0.0000 (0.0310)	Time 5.6974 (5.9221)  lr: 0.0000135
Wed, 2026-04-29 03:48:55 [INFO] | TRAIN Epoch-8, Step-1860: [180/240]	Acc 1.0000 (0.9788)	RealAcc 1.0000 (0.9567)	FakeACC 1.0000 (0.9849)	Loss 0.0205 (0.1075)	Loss1 0.0205 (0.1075)	Loss2 0.0000 (0.0000)	Loss_sim 0.0000 (0.0000)	Data 0.0000 (0.0292)	Time 5.9643 (5.9200)  lr: 0.0000135
Wed, 2026-04-29 03:49:45 [INFO] | TRAIN Epoch-8, Step-1870: [190/240]	Acc 1.0000 (0.9789)	RealAcc 1.0000 (0.9573)	FakeACC 1.0000 (0.9849)	Loss 0.0051 (0.1047)	Loss1 0.0051 (0.1047)	Loss2 0.0000 (0.0000)	Loss_sim 0.0000 (0.0000)	Data 0.0000 (0.0277)	Time 5.0507 (5.8739)  lr: 0.0000135
Wed, 2026-04-29 03:50:43 [INFO] | TRAIN Epoch-8, Step-1880: [200/240]	Acc 0.8750 (0.9791)	RealAcc 0.5000 (0.9561)	FakeACC 1.0000 (0.9853)	Loss 1.0770 (0.1063)	Loss1 1.0770 (0.1063)	Loss2 0.0000 (0.0000)	Loss_sim 0.0000 (0.0000)	Data 0.0000 (0.0263)	Time 5.7689 (5.8693)  lr: 0.0000135
Wed, 2026-04-29 03:51:42 [INFO] | TRAIN Epoch-8, Step-1890: [210/240]	Acc 1.0000 (0.9792)	RealAcc 1.0000 (0.9554)	FakeACC 1.0000 (0.9856)	Loss 0.0161 (0.1058)	Loss1 0.0161 (0.1058)	Loss2 0.0000 (0.0000)	Loss_sim 0.0000 (0.0000)	Data 0.0000 (0.0251)	Time 5.9463 (5.8696)  lr: 0.0000135
Wed, 2026-04-29 03:52:41 [INFO] | TRAIN Epoch-8, Step-1900: [220/240]	Acc 1.0000 (0.9798)	RealAcc 1.0000 (0.9556)	FakeACC 1.0000 (0.9863)	Loss 0.0080 (0.1019)	Loss1 0.0080 (0.1019)	Loss2 0.0000 (0.0000)	Loss_sim 0.0000 (0.0000)	Data 0.0000 (0.0239)	Time 5.6629 (5.8721)  lr: 0.0000135
Wed, 2026-04-29 03:53:40 [INFO] | TRAIN Epoch-8, Step-1910: [230/240]	Acc 1.0000 (0.9802)	RealAcc 1.0000 (0.9554)	FakeACC 1.0000 (0.9869)	Loss 0.0053 (0.0997)	Loss1 0.0053 (0.0997)	Loss2 0.0000 (0.0000)	Loss_sim 0.0000 (0.0000)	Data 0.0000 (0.0229)	Time 5.8029 (5.8696)  lr: 0.0000135
Wed, 2026-04-29 03:54:39 [INFO] | TRAIN Epoch-8, Step-1920: [240/240]	Acc 1.0000 (0.9797)	RealAcc 1.0000 (0.9523)	FakeACC 1.0000 (0.9871)	Loss 0.0370 (0.0994)	Loss1 0.0370 (0.0994)	Loss2 0.0000 (0.0000)	Loss_sim 0.0000 (0.0000)	Data 0.0000 (0.0219)	Time 5.6879 (5.8720)  lr: 0.0000135
Wed, 2026-04-29 03:55:41 [INFO] | TRAIN Epoch-9, Step-1930: [ 10/240]	Acc 1.0000 (0.9875)	RealAcc 1.0000 (0.9730)	FakeACC 1.0000 (0.9919)	Loss 0.0020 (0.0624)	Loss1 0.0020 (0.0624)	Loss2 0.0000 (0.0000)	Loss_sim 0.0000 (0.0000)	Data 0.0000 (0.4944)	Time 5.8121 (6.2883)  lr: 0.0000121
Wed, 2026-04-29 03:56:39 [INFO] | TRAIN Epoch-9, Step-1940: [ 20/240]	Acc 1.0000 (0.9719)	RealAcc 1.0000 (0.9565)	FakeACC 1.0000 (0.9761)	Loss 0.0815 (0.1077)	Loss1 0.0815 (0.1077)	Loss2 0.0000 (0.0000)	Loss_sim 0.0000 (0.0000)	Data 0.0000 (0.2472)	Time 5.8562 (6.0368)  lr: 0.0000121
Wed, 2026-04-29 03:57:37 [INFO] | TRAIN Epoch-9, Step-1950: [ 30/240]	Acc 1.0000 (0.9688)	RealAcc 1.0000 (0.9406)	FakeACC 1.0000 (0.9763)	Loss 0.0004 (0.1299)	Loss1 0.0004 (0.1299)	Loss2 0.0000 (0.0000)	Loss_sim 0.0000 (0.0000)	Data 0.0000 (0.1648)	Time 5.7109 (5.9455)  lr: 0.0000121
Wed, 2026-04-29 03:58:34 [INFO] | TRAIN Epoch-9, Step-1960: [ 40/240]	Acc 1.0000 (0.9734)	RealAcc 1.0000 (0.9500)	FakeACC 1.0000 (0.9800)	Loss 0.0049 (0.1107)	Loss1 0.0049 (0.1107)	Loss2 0.0000 (0.0000)	Loss_sim 0.0000 (0.0000)	Data 0.0000 (0.1236)	Time 5.9454 (5.8820)  lr: 0.0000121
Wed, 2026-04-29 03:59:32 [INFO] | TRAIN Epoch-9, Step-1970: [ 50/240]	Acc 1.0000 (0.9750)	RealAcc 1.0000 (0.9545)	FakeACC 1.0000 (0.9808)	Loss 0.0018 (0.1025)	Loss1 0.0018 (0.1025)	Loss2 0.0000 (0.0000)	Loss_sim 0.0000 (0.0000)	Data 0.0000 (0.0989)	Time 5.8095 (5.8674)  lr: 0.0000121
Wed, 2026-04-29 04:00:29 [INFO] | TRAIN Epoch-9, Step-1980: [ 60/240]	Acc 1.0000 (0.9771)	RealAcc 1.0000 (0.9624)	FakeACC 1.0000 (0.9813)	Loss 0.0006 (0.0989)	Loss1 0.0006 (0.0989)	Loss2 0.0000 (0.0000)	Loss_sim 0.0000 (0.0000)	Data 0.0001 (0.0824)	Time 5.8688 (5.8439)  lr: 0.0000121
Wed, 2026-04-29 04:01:27 [INFO] | TRAIN Epoch-9, Step-1990: [ 70/240]	Acc 1.0000 (0.9759)	RealAcc 1.0000 (0.9671)	FakeACC 1.0000 (0.9783)	Loss 0.0074 (0.0943)	Loss1 0.0074 (0.0943)	Loss2 0.0000 (0.0000)	Loss_sim 0.0000 (0.0000)	Data 0.0000 (0.0707)	Time 5.8730 (5.8367)  lr: 0.0000121
Wed, 2026-04-29 04:02:25 [INFO] | TRAIN Epoch-9, Step-2000: [ 80/240]	Acc 0.9375 (0.9758)	RealAcc 0.8000 (0.9644)	FakeACC 1.0000 (0.9790)	Loss 0.3762 (0.0947)	Loss1 0.3762 (0.0947)	Loss2 0.0000 (0.0000)	Loss_sim 0.0000 (0.0000)	Data 0.0000 (0.0618)	Time 5.8236 (5.8306)  lr: 0.0000121
Wed, 2026-04-29 04:03:23 [INFO] | TRAIN Epoch-9, Step-2010: [ 90/240]	Acc 1.0000 (0.9771)	RealAcc 1.0000 (0.9624)	FakeACC 1.0000 (0.9813)	Loss 0.0250 (0.0907)	Loss1 0.0250 (0.0907)	Loss2 0.0000 (0.0000)	Loss_sim 0.0000 (0.0000)	Data 0.0000 (0.0550)	Time 5.8427 (5.8265)  lr: 0.0000121
Wed, 2026-04-29 04:04:23 [INFO] | TRAIN Epoch-9, Step-2020: [100/240]	Acc 1.0000 (0.9781)	RealAcc 1.0000 (0.9620)	FakeACC 1.0000 (0.9830)	Loss 0.0055 (0.0890)	Loss1 0.0055 (0.0890)	Loss2 0.0000 (0.0000)	Loss_sim 0.0000 (0.0000)	Data 0.0000 (0.0495)	Time 6.0817 (5.8381)  lr: 0.0000121
Wed, 2026-04-29 04:05:22 [INFO] | TRAIN Epoch-9, Step-2030: [110/240]	Acc 1.0000 (0.9795)	RealAcc 1.0000 (0.9648)	FakeACC 1.0000 (0.9838)	Loss 0.0028 (0.0829)	Loss1 0.0028 (0.0829)	Loss2 0.0000 (0.0000)	Loss_sim 0.0000 (0.0000)	Data 0.0000 (0.0450)	Time 5.9463 (5.8467)  lr: 0.0000121
Wed, 2026-04-29 04:06:21 [INFO] | TRAIN Epoch-9, Step-2040: [120/240]	Acc 1.0000 (0.9792)	RealAcc 1.0000 (0.9656)	FakeACC 1.0000 (0.9832)	Loss 0.0003 (0.0899)	Loss1 0.0003 (0.0899)	Loss2 0.0000 (0.0000)	Loss_sim 0.0000 (0.0000)	Data 0.0000 (0.0412)	Time 5.9489 (5.8517)  lr: 0.0000121
Wed, 2026-04-29 04:07:20 [INFO] | TRAIN Epoch-9, Step-2050: [130/240]	Acc 0.9375 (0.9803)	RealAcc 1.0000 (0.9678)	FakeACC 0.9231 (0.9839)	Loss 0.5383 (0.0880)	Loss1 0.5383 (0.0880)	Loss2 0.0000 (0.0000)	Loss_sim 0.0000 (0.0000)	Data 0.0000 (0.0381)	Time 5.9289 (5.8538)  lr: 0.0000121
Wed, 2026-04-29 04:08:19 [INFO] | TRAIN Epoch-9, Step-2060: [140/240]	Acc 1.0000 (0.9799)	RealAcc 1.0000 (0.9622)	FakeACC 1.0000 (0.9850)	Loss 0.0001 (0.0930)	Loss1 0.0001 (0.0930)	Loss2 0.0000 (0.0000)	Loss_sim 0.0000 (0.0000)	Data 0.0000 (0.0353)	Time 5.9632 (5.8585)  lr: 0.0000121
Wed, 2026-04-29 04:09:18 [INFO] | TRAIN Epoch-9, Step-2070: [150/240]	Acc 1.0000 (0.9796)	RealAcc 1.0000 (0.9601)	FakeACC 1.0000 (0.9851)	Loss 0.0003 (0.0991)	Loss1 0.0003 (0.0991)	Loss2 0.0000 (0.0000)	Loss_sim 0.0000 (0.0000)	Data 0.0000 (0.0330)	Time 5.8818 (5.8631)  lr: 0.0000121
Wed, 2026-04-29 04:10:18 [INFO] | TRAIN Epoch-9, Step-2080: [160/240]	Acc 1.0000 (0.9801)	RealAcc 0.0000 (0.9604)	FakeACC 1.0000 (0.9855)	Loss 0.0000 (0.0989)	Loss1 0.0000 (0.0989)	Loss2 0.0000 (0.0000)	Loss_sim 0.0000 (0.0000)	Data 0.0000 (0.0309)	Time 6.0330 (5.8697)  lr: 0.0000121
Wed, 2026-04-29 04:11:17 [INFO] | TRAIN Epoch-9, Step-2090: [170/240]	Acc 1.0000 (0.9801)	RealAcc 1.0000 (0.9595)	FakeACC 1.0000 (0.9859)	Loss 0.0004 (0.0991)	Loss1 0.0004 (0.0991)	Loss2 0.0000 (0.0000)	Loss_sim 0.0000 (0.0000)	Data 0.0000 (0.0291)	Time 5.9775 (5.8742)  lr: 0.0000121
Wed, 2026-04-29 04:12:16 [INFO] | TRAIN Epoch-9, Step-2100: [180/240]	Acc 1.0000 (0.9809)	RealAcc 1.0000 (0.9616)	FakeACC 1.0000 (0.9863)	Loss 0.0028 (0.0943)	Loss1 0.0028 (0.0943)	Loss2 0.0000 (0.0000)	Loss_sim 0.0000 (0.0000)	Data 0.0001 (0.0275)	Time 5.8432 (5.8749)  lr: 0.0000121
Wed, 2026-04-29 04:13:07 [INFO] | TRAIN Epoch-9, Step-2110: [190/240]	Acc 1.0000 (0.9806)	RealAcc 1.0000 (0.9634)	FakeACC 1.0000 (0.9853)	Loss 0.0516 (0.0954)	Loss1 0.0516 (0.0954)	Loss2 0.0000 (0.0000)	Loss_sim 0.0000 (0.0000)	Data 0.0000 (0.0261)	Time 2.0438 (5.8520)  lr: 0.0000121
Wed, 2026-04-29 04:14:01 [INFO] | TRAIN Epoch-9, Step-2120: [200/240]	Acc 1.0000 (0.9806)	RealAcc 1.0000 (0.9639)	FakeACC 1.0000 (0.9852)	Loss 0.0546 (0.0967)	Loss1 0.0546 (0.0967)	Loss2 0.0000 (0.0000)	Loss_sim 0.0000 (0.0000)	Data 0.0000 (0.0248)	Time 5.8838 (5.8102)  lr: 0.0000121
Wed, 2026-04-29 04:14:59 [INFO] | TRAIN Epoch-9, Step-2130: [210/240]	Acc 1.0000 (0.9804)	RealAcc 1.0000 (0.9623)	FakeACC 1.0000 (0.9852)	Loss 0.0003 (0.0963)	Loss1 0.0003 (0.0963)	Loss2 0.0000 (0.0000)	Loss_sim 0.0000 (0.0000)	Data 0.0001 (0.0236)	Time 6.0403 (5.8133)  lr: 0.0000121
Wed, 2026-04-29 04:15:58 [INFO] | TRAIN Epoch-9, Step-2140: [220/240]	Acc 0.9375 (0.9804)	RealAcc 1.0000 (0.9629)	FakeACC 0.9091 (0.9852)	Loss 0.5486 (0.0965)	Loss1 0.5486 (0.0965)	Loss2 0.0000 (0.0000)	Loss_sim 0.0000 (0.0000)	Data 0.0000 (0.0225)	Time 5.9713 (5.8158)  lr: 0.0000121
Wed, 2026-04-29 04:16:58 [INFO] | TRAIN Epoch-9, Step-2150: [230/240]	Acc 1.0000 (0.9810)	RealAcc 1.0000 (0.9643)	FakeACC 1.0000 (0.9855)	Loss 0.0002 (0.0933)	Loss1 0.0002 (0.0933)	Loss2 0.0000 (0.0000)	Loss_sim 0.0000 (0.0000)	Data 0.0000 (0.0215)	Time 5.9324 (5.8224)  lr: 0.0000121
Wed, 2026-04-29 04:17:58 [INFO] | TRAIN Epoch-9, Step-2160: [240/240]	Acc 0.9375 (0.9802)	RealAcc 0.7500 (0.9621)	FakeACC 1.0000 (0.9851)	Loss 0.4916 (0.0963)	Loss1 0.4916 (0.0963)	Loss2 0.0000 (0.0000)	Loss_sim 0.0000 (0.0000)	Data 0.0000 (0.0206)	Time 5.9078 (5.8286)  lr: 0.0000121
Wed, 2026-04-29 04:19:00 [INFO] | TRAIN Epoch-10, Step-2170: [ 10/240]	Acc 1.0000 (0.9875)	RealAcc 1.0000 (0.9714)	FakeACC 1.0000 (0.9920)	Loss 0.0004 (0.0521)	Loss1 0.0004 (0.0521)	Loss2 0.0000 (0.0000)	Loss_sim 0.0000 (0.0000)	Data 0.0001 (0.4936)	Time 5.8425 (6.2657)  lr: 0.0000110
Wed, 2026-04-29 04:19:58 [INFO] | TRAIN Epoch-10, Step-2180: [ 20/240]	Acc 1.0000 (0.9812)	RealAcc 1.0000 (0.9545)	FakeACC 1.0000 (0.9882)	Loss 0.0003 (0.0795)	Loss1 0.0003 (0.0795)	Loss2 0.0000 (0.0000)	Loss_sim 0.0000 (0.0000)	Data 0.0000 (0.2468)	Time 5.8349 (6.0352)  lr: 0.0000110
Wed, 2026-04-29 04:20:57 [INFO] | TRAIN Epoch-10, Step-2190: [ 30/240]	Acc 1.0000 (0.9833)	RealAcc 1.0000 (0.9694)	FakeACC 1.0000 (0.9869)	Loss 0.0087 (0.0657)	Loss1 0.0087 (0.0657)	Loss2 0.0000 (0.0000)	Loss_sim 0.0000 (0.0000)	Data 0.0000 (0.1646)	Time 5.8510 (5.9671)  lr: 0.0000110
Wed, 2026-04-29 04:21:54 [INFO] | TRAIN Epoch-10, Step-2200: [ 40/240]	Acc 1.0000 (0.9828)	RealAcc 1.0000 (0.9556)	FakeACC 1.0000 (0.9901)	Loss 0.0005 (0.0824)	Loss1 0.0005 (0.0824)	Loss2 0.0000 (0.0000)	Loss_sim 0.0000 (0.0000)	Data 0.0000 (0.1234)	Time 5.8084 (5.9164)  lr: 0.0000110
Wed, 2026-04-29 04:22:52 [INFO] | TRAIN Epoch-10, Step-2210: [ 50/240]	Acc 1.0000 (0.9812)	RealAcc 1.0000 (0.9535)	FakeACC 1.0000 (0.9889)	Loss 0.0119 (0.0821)	Loss1 0.0119 (0.0821)	Loss2 0.0000 (0.0000)	Loss_sim 0.0000 (0.0000)	Data 0.0000 (0.0988)	Time 5.7911 (5.8943)  lr: 0.0000110
Wed, 2026-04-29 04:23:50 [INFO] | TRAIN Epoch-10, Step-2220: [ 60/240]	Acc 0.9375 (0.9802)	RealAcc 0.7500 (0.9491)	FakeACC 1.0000 (0.9892)	Loss 0.1512 (0.0814)	Loss1 0.1512 (0.0814)	Loss2 0.0000 (0.0000)	Loss_sim 0.0000 (0.0000)	Data 0.0001 (0.0823)	Time 5.7591 (5.8776)  lr: 0.0000110
Wed, 2026-04-29 04:24:48 [INFO] | TRAIN Epoch-10, Step-2230: [ 70/240]	Acc 1.0000 (0.9786)	RealAcc 1.0000 (0.9412)	FakeACC 1.0000 (0.9896)	Loss 0.0005 (0.0854)	Loss1 0.0005 (0.0854)	Loss2 0.0000 (0.0000)	Loss_sim 0.0000 (0.0000)	Data 0.0000 (0.0706)	Time 5.7721 (5.8686)  lr: 0.0000110
Wed, 2026-04-29 04:25:47 [INFO] | TRAIN Epoch-10, Step-2240: [ 80/240]	Acc 1.0000 (0.9805)	RealAcc 1.0000 (0.9435)	FakeACC 1.0000 (0.9910)	Loss 0.0168 (0.0775)	Loss1 0.0168 (0.0775)	Loss2 0.0000 (0.0000)	Loss_sim 0.0000 (0.0000)	Data 0.0000 (0.0618)	Time 6.0123 (5.8695)  lr: 0.0000110
Wed, 2026-04-29 04:26:47 [INFO] | TRAIN Epoch-10, Step-2250: [ 90/240]	Acc 0.8750 (0.9799)	RealAcc 1.0000 (0.9486)	FakeACC 0.8667 (0.9885)	Loss 0.6439 (0.0808)	Loss1 0.6439 (0.0808)	Loss2 0.0000 (0.0000)	Loss_sim 0.0000 (0.0000)	Data 0.0000 (0.0549)	Time 6.0312 (5.8788)  lr: 0.0000110
Wed, 2026-04-29 04:27:46 [INFO] | TRAIN Epoch-10, Step-2260: [100/240]	Acc 1.0000 (0.9794)	RealAcc 1.0000 (0.9441)	FakeACC 1.0000 (0.9889)	Loss 0.0035 (0.0807)	Loss1 0.0035 (0.0807)	Loss2 0.0000 (0.0000)	Loss_sim 0.0000 (0.0000)	Data 0.0000 (0.0494)	Time 6.0143 (5.8864)  lr: 0.0000110
Wed, 2026-04-29 04:28:46 [INFO] | TRAIN Epoch-10, Step-2270: [110/240]	Acc 1.0000 (0.9801)	RealAcc 1.0000 (0.9458)	FakeACC 1.0000 (0.9892)	Loss 0.0208 (0.0779)	Loss1 0.0208 (0.0779)	Loss2 0.0000 (0.0000)	Loss_sim 0.0000 (0.0000)	Data 0.0000 (0.0449)	Time 5.8677 (5.8912)  lr: 0.0000110
Wed, 2026-04-29 04:29:45 [INFO] | TRAIN Epoch-10, Step-2280: [120/240]	Acc 1.0000 (0.9812)	RealAcc 1.0000 (0.9499)	FakeACC 1.0000 (0.9895)	Loss 0.0049 (0.0752)	Loss1 0.0049 (0.0752)	Loss2 0.0000 (0.0000)	Loss_sim 0.0000 (0.0000)	Data 0.0001 (0.0412)	Time 5.8266 (5.8943)  lr: 0.0000110
Wed, 2026-04-29 04:30:44 [INFO] | TRAIN Epoch-10, Step-2290: [130/240]	Acc 1.0000 (0.9798)	RealAcc 1.0000 (0.9536)	FakeACC 1.0000 (0.9867)	Loss 0.0030 (0.0780)	Loss1 0.0030 (0.0780)	Loss2 0.0000 (0.0000)	Loss_sim 0.0000 (0.0000)	Data 0.0000 (0.0380)	Time 6.0008 (5.8959)  lr: 0.0000110
Wed, 2026-04-29 04:31:43 [INFO] | TRAIN Epoch-10, Step-2300: [140/240]	Acc 1.0000 (0.9799)	RealAcc 1.0000 (0.9550)	FakeACC 1.0000 (0.9865)	Loss 0.0012 (0.0775)	Loss1 0.0012 (0.0775)	Loss2 0.0000 (0.0000)	Loss_sim 0.0000 (0.0000)	Data 0.0002 (0.0353)	Time 5.9483 (5.8973)  lr: 0.0000110
Wed, 2026-04-29 04:32:43 [INFO] | TRAIN Epoch-10, Step-2310: [150/240]	Acc 0.8750 (0.9800)	RealAcc 0.8333 (0.9566)	FakeACC 0.9000 (0.9863)	Loss 0.8118 (0.0809)	Loss1 0.8118 (0.0809)	Loss2 0.0000 (0.0000)	Loss_sim 0.0000 (0.0000)	Data 0.0000 (0.0330)	Time 5.9658 (5.8992)  lr: 0.0000110
Wed, 2026-04-29 04:33:42 [INFO] | TRAIN Epoch-10, Step-2320: [160/240]	Acc 0.9375 (0.9801)	RealAcc 1.0000 (0.9590)	FakeACC 0.9231 (0.9857)	Loss 0.2961 (0.0818)	Loss1 0.2961 (0.0818)	Loss2 0.0000 (0.0000)	Loss_sim 0.0000 (0.0000)	Data 0.0000 (0.0309)	Time 5.8479 (5.9010)  lr: 0.0000110
Wed, 2026-04-29 04:34:41 [INFO] | TRAIN Epoch-10, Step-2330: [170/240]	Acc 0.9375 (0.9798)	RealAcc 0.5000 (0.9588)	FakeACC 1.0000 (0.9855)	Loss 0.1405 (0.0843)	Loss1 0.1405 (0.0843)	Loss2 0.0000 (0.0000)	Loss_sim 0.0000 (0.0000)	Data 0.0000 (0.0291)	Time 5.9242 (5.9031)  lr: 0.0000110
Wed, 2026-04-29 04:35:40 [INFO] | TRAIN Epoch-10, Step-2340: [180/240]	Acc 1.0000 (0.9795)	RealAcc 1.0000 (0.9568)	FakeACC 1.0000 (0.9858)	Loss 0.0013 (0.0847)	Loss1 0.0013 (0.0847)	Loss2 0.0000 (0.0000)	Loss_sim 0.0000 (0.0000)	Data 0.0000 (0.0275)	Time 5.8419 (5.9015)  lr: 0.0000110
Wed, 2026-04-29 04:36:39 [INFO] | TRAIN Epoch-10, Step-2350: [190/240]	Acc 1.0000 (0.9793)	RealAcc 1.0000 (0.9543)	FakeACC 1.0000 (0.9862)	Loss 0.0277 (0.0872)	Loss1 0.0277 (0.0872)	Loss2 0.0000 (0.0000)	Loss_sim 0.0000 (0.0000)	Data 0.0002 (0.0260)	Time 5.7255 (5.8992)  lr: 0.0000110
Wed, 2026-04-29 04:37:03 [INFO] | TRAIN Epoch-10, Step-2360: [200/240]	Acc 0.9375 (0.9797)	RealAcc 1.0000 (0.9565)	FakeACC 0.9333 (0.9861)	Loss 0.1210 (0.0846)	Loss1 0.1210 (0.0846)	Loss2 0.0000 (0.0000)	Loss_sim 0.0000 (0.0000)	Data 0.0000 (0.0247)	Time 2.0432 (5.7441)  lr: 0.0000110
Wed, 2026-04-29 04:37:31 [INFO] | TRAIN Epoch-10, Step-2370: [210/240]	Acc 1.0000 (0.9804)	RealAcc 1.0000 (0.9569)	FakeACC 1.0000 (0.9867)	Loss 0.0003 (0.0824)	Loss1 0.0003 (0.0824)	Loss2 0.0000 (0.0000)	Loss_sim 0.0000 (0.0000)	Data 0.0000 (0.0236)	Time 5.0964 (5.5815)  lr: 0.0000110
Wed, 2026-04-29 04:38:38 [INFO] | TRAIN Epoch-10, Step-2380: [220/240]	Acc 1.0000 (0.9804)	RealAcc 1.0000 (0.9559)	FakeACC 1.0000 (0.9870)	Loss 0.0022 (0.0838)	Loss1 0.0022 (0.0838)	Loss2 0.0000 (0.0000)	Loss_sim 0.0000 (0.0000)	Data 0.0001 (0.0225)	Time 6.7916 (5.6346)  lr: 0.0000110
Wed, 2026-04-29 04:39:45 [INFO] | TRAIN Epoch-10, Step-2390: [230/240]	Acc 1.0000 (0.9799)	RealAcc 1.0000 (0.9550)	FakeACC 1.0000 (0.9866)	Loss 0.0800 (0.0904)	Loss1 0.0800 (0.0904)	Loss2 0.0000 (0.0000)	Loss_sim 0.0000 (0.0000)	Data 0.0000 (0.0215)	Time 6.8001 (5.6777)  lr: 0.0000110
Wed, 2026-04-29 04:40:53 [INFO] | TRAIN Epoch-10, Step-2400: [240/240]	Acc 0.9375 (0.9797)	RealAcc 1.0000 (0.9559)	FakeACC 0.9231 (0.9861)	Loss 0.6714 (0.0934)	Loss1 0.6714 (0.0934)	Loss2 0.0000 (0.0000)	Loss_sim 0.0000 (0.0000)	Data 0.0000 (0.0206)	Time 6.7244 (5.7232)  lr: 0.0000110
